{"C:\\Users\\USER\\Desktop\\9-Kaoratz-Mawaew\\backend\\server.js": {"path":"C:\\Users\\USER\\Desktop\\9-Kaoratz-Mawaew\\backend\\server.js","statementMap":{"0":{"start":{"line":1,"column":16},"end":{"line":1,"column":34}},"1":{"start":{"line":2,"column":15},"end":{"line":2,"column":32}},"2":{"start":{"line":3,"column":18},"end":{"line":3,"column":40}},"3":{"start":{"line":4,"column":21},"end":{"line":4,"column":45}},"4":{"start":{"line":5,"column":22},"end":{"line":5,"column":55}},"5":{"start":{"line":6,"column":15},"end":{"line":6,"column":32}},"6":{"start":{"line":7,"column":16},"end":{"line":7,"column":48}},"7":{"start":{"line":8,"column":18},"end":{"line":8,"column":47}},"8":{"start":{"line":9,"column":12},"end":{"line":9,"column":26}},"9":{"start":{"line":10,"column":13},"end":{"line":10,"column":28}},"10":{"start":{"line":11,"column":21},"end":{"line":11,"column":45}},"11":{"start":{"line":12,"column":18},"end":{"line":12,"column":47}},"12":{"start":{"line":15,"column":0},"end":{"line":15,"column":45}},"13":{"start":{"line":17,"column":19},"end":{"line":17,"column":50}},"14":{"start":{"line":18,"column":13},"end":{"line":18,"column":37}},"15":{"start":{"line":19,"column":20},"end":{"line":19,"column":52}},"16":{"start":{"line":20,"column":17},"end":{"line":20,"column":45}},"17":{"start":{"line":21,"column":16},"end":{"line":21,"column":43}},"18":{"start":{"line":23,"column":16},"end":{"line":26,"column":2}},"19":{"start":{"line":29,"column":0},"end":{"line":29,"column":12}},"20":{"start":{"line":31,"column":12},"end":{"line":31,"column":21}},"21":{"start":{"line":33,"column":0},"end":{"line":33,"column":24}},"22":{"start":{"line":34,"column":0},"end":{"line":34,"column":24}},"23":{"start":{"line":35,"column":0},"end":{"line":35,"column":25}},"24":{"start":{"line":36,"column":0},"end":{"line":36,"column":18}},"25":{"start":{"line":37,"column":0},"end":{"line":37,"column":15}},"26":{"start":{"line":38,"column":0},"end":{"line":38,"column":17}},"27":{"start":{"line":39,"column":0},"end":{"line":39,"column":15}},"28":{"start":{"line":40,"column":0},"end":{"line":40,"column":16}},"29":{"start":{"line":42,"column":0},"end":{"line":42,"column":43}},"30":{"start":{"line":43,"column":0},"end":{"line":43,"column":30}},"31":{"start":{"line":44,"column":0},"end":{"line":44,"column":45}},"32":{"start":{"line":45,"column":0},"end":{"line":45,"column":38}},"33":{"start":{"line":46,"column":0},"end":{"line":46,"column":36}},"34":{"start":{"line":48,"column":23},"end":{"line":63,"column":1}},"35":{"start":{"line":64,"column":20},"end":{"line":64,"column":48}},"36":{"start":{"line":65,"column":0},"end":{"line":65,"column":68}},"37":{"start":{"line":70,"column":13},"end":{"line":70,"column":37}},"38":{"start":{"line":71,"column":15},"end":{"line":78,"column":1}},"39":{"start":{"line":83,"column":0},"end":{"line":87,"column":3}},"40":{"start":{"line":84,"column":2},"end":{"line":84,"column":39}},"41":{"start":{"line":86,"column":2},"end":{"line":86,"column":38}},"42":{"start":{"line":86,"column":21},"end":{"line":86,"column":36}}},"fnMap":{"0":{"name":"(anonymous_0)","decl":{"start":{"line":83,"column":33},"end":{"line":83,"column":34}},"loc":{"start":{"line":83,"column":51},"end":{"line":87,"column":1}},"line":83},"1":{"name":"(anonymous_1)","decl":{"start":{"line":86,"column":15},"end":{"line":86,"column":16}},"loc":{"start":{"line":86,"column":21},"end":{"line":86,"column":36}},"line":86}},"branchMap":{"0":{"loc":{"start":{"line":70,"column":13},"end":{"line":70,"column":37}},"type":"binary-expr","locations":[{"start":{"line":70,"column":13},"end":{"line":70,"column":29}},{"start":{"line":70,"column":33},"end":{"line":70,"column":37}}],"line":70}},"s":{"0":1,"1":1,"2":1,"3":1,"4":1,"5":1,"6":1,"7":1,"8":1,"9":1,"10":1,"11":1,"12":1,"13":1,"14":1,"15":1,"16":1,"17":1,"18":1,"19":1,"20":1,"21":1,"22":1,"23":1,"24":1,"25":1,"26":1,"27":1,"28":1,"29":1,"30":1,"31":1,"32":1,"33":1,"34":1,"35":1,"36":1,"37":1,"38":1,"39":1,"40":0,"41":0,"42":0},"f":{"0":0,"1":0},"b":{"0":[1,0]},"_coverageSchema":"1a1c01bbd47fc00a2c39e90264f33305004495a9","hash":"ff78f4d4a83bc96683f6cdf7b5cf3e4591dfc85e"}
,"C:\\Users\\USER\\Desktop\\9-Kaoratz-Mawaew\\backend\\config\\db.js": {"path":"C:\\Users\\USER\\Desktop\\9-Kaoratz-Mawaew\\backend\\config\\db.js","statementMap":{"0":{"start":{"line":1,"column":17},"end":{"line":1,"column":36}},"1":{"start":{"line":2,"column":20},"end":{"line":2,"column":52}},"2":{"start":{"line":4,"column":25},"end":{"line":15,"column":1}},"3":{"start":{"line":17,"column":18},"end":{"line":41,"column":1}},"4":{"start":{"line":18,"column":4},"end":{"line":18,"column":38}},"5":{"start":{"line":19,"column":17},"end":{"line":19,"column":62}},"6":{"start":{"line":21,"column":27},"end":{"line":21,"column":50}},"7":{"start":{"line":25,"column":4},"end":{"line":30,"column":7}},"8":{"start":{"line":26,"column":8},"end":{"line":28,"column":9}},"9":{"start":{"line":27,"column":12},"end":{"line":27,"column":34}},"10":{"start":{"line":29,"column":8},"end":{"line":29,"column":15}},"11":{"start":{"line":32,"column":4},"end":{"line":38,"column":13}},"12":{"start":{"line":33,"column":8},"end":{"line":37,"column":9}},"13":{"start":{"line":34,"column":27},"end":{"line":34,"column":121}},"14":{"start":{"line":36,"column":12},"end":{"line":36,"column":40}},"15":{"start":{"line":40,"column":2},"end":{"line":40,"column":60}},"16":{"start":{"line":44,"column":24},"end":{"line":44,"column":75}},"17":{"start":{"line":45,"column":4},"end":{"line":45,"column":41}},"18":{"start":{"line":48,"column":0},"end":{"line":48,"column":27}}},"fnMap":{"0":{"name":"(anonymous_0)","decl":{"start":{"line":17,"column":18},"end":{"line":17,"column":19}},"loc":{"start":{"line":17,"column":30},"end":{"line":41,"column":1}},"line":17},"1":{"name":"(anonymous_1)","decl":{"start":{"line":25,"column":35},"end":{"line":25,"column":36}},"loc":{"start":{"line":25,"column":57},"end":{"line":30,"column":5}},"line":25},"2":{"name":"(anonymous_2)","decl":{"start":{"line":32,"column":16},"end":{"line":32,"column":17}},"loc":{"start":{"line":32,"column":28},"end":{"line":38,"column":5}},"line":32},"3":{"name":"generateRandomMessage","decl":{"start":{"line":43,"column":9},"end":{"line":43,"column":30}},"loc":{"start":{"line":43,"column":33},"end":{"line":46,"column":3}},"line":43}},"branchMap":{"0":{"loc":{"start":{"line":26,"column":8},"end":{"line":28,"column":9}},"type":"if","locations":[{"start":{"line":26,"column":8},"end":{"line":28,"column":9}},{"start":{},"end":{}}],"line":26},"1":{"loc":{"start":{"line":26,"column":12},"end":{"line":26,"column":57}},"type":"binary-expr","locations":[{"start":{"line":26,"column":12},"end":{"line":26,"column":38}},{"start":{"line":26,"column":42},"end":{"line":26,"column":57}}],"line":26}},"s":{"0":1,"1":1,"2":1,"3":1,"4":1,"5":1,"6":1,"7":1,"8":0,"9":0,"10":0,"11":1,"12":0,"13":0,"14":0,"15":1,"16":1,"17":1,"18":1},"f":{"0":1,"1":0,"2":0,"3":1},"b":{"0":[0,0],"1":[0,0]},"_coverageSchema":"1a1c01bbd47fc00a2c39e90264f33305004495a9","hash":"db48cca5aa44c507cf6c69448e9beb3bc6a113bd"}
,"C:\\Users\\USER\\Desktop\\9-Kaoratz-Mawaew\\backend\\controllers\\auth.js": {"path":"C:\\Users\\USER\\Desktop\\9-Kaoratz-Mawaew\\backend\\controllers\\auth.js","statementMap":{"0":{"start":{"line":1,"column":13},"end":{"line":1,"column":38}},"1":{"start":{"line":3,"column":0},"end":{"line":22,"column":2}},"2":{"start":{"line":4,"column":2},"end":{"line":21,"column":3}},"3":{"start":{"line":5,"column":49},"end":{"line":5,"column":57}},"4":{"start":{"line":7,"column":17},"end":{"line":13,"column":6}},"5":{"start":{"line":15,"column":4},"end":{"line":15,"column":38}},"6":{"start":{"line":17,"column":4},"end":{"line":19,"column":7}},"7":{"start":{"line":20,"column":4},"end":{"line":20,"column":27}},"8":{"start":{"line":24,"column":0},"end":{"line":57,"column":2}},"9":{"start":{"line":25,"column":2},"end":{"line":56,"column":3}},"10":{"start":{"line":26,"column":32},"end":{"line":26,"column":40}},"11":{"start":{"line":28,"column":4},"end":{"line":33,"column":5}},"12":{"start":{"line":29,"column":6},"end":{"line":32,"column":9}},"13":{"start":{"line":34,"column":17},"end":{"line":34,"column":66}},"14":{"start":{"line":35,"column":4},"end":{"line":40,"column":5}},"15":{"start":{"line":36,"column":6},"end":{"line":39,"column":9}},"16":{"start":{"line":41,"column":20},"end":{"line":41,"column":54}},"17":{"start":{"line":43,"column":4},"end":{"line":48,"column":5}},"18":{"start":{"line":44,"column":6},"end":{"line":47,"column":9}},"19":{"start":{"line":50,"column":4},"end":{"line":50,"column":38}},"20":{"start":{"line":52,"column":4},"end":{"line":55,"column":7}},"21":{"start":{"line":59,"column":26},"end":{"line":77,"column":1}},"22":{"start":{"line":60,"column":16},"end":{"line":60,"column":40}},"23":{"start":{"line":62,"column":18},"end":{"line":67,"column":3}},"24":{"start":{"line":69,"column":2},"end":{"line":71,"column":3}},"25":{"start":{"line":70,"column":4},"end":{"line":70,"column":26}},"26":{"start":{"line":73,"column":2},"end":{"line":76,"column":5}},"27":{"start":{"line":79,"column":0},"end":{"line":88,"column":1}},"28":{"start":{"line":80,"column":15},"end":{"line":83,"column":4}},"29":{"start":{"line":84,"column":2},"end":{"line":87,"column":4}},"30":{"start":{"line":90,"column":0},"end":{"line":96,"column":2}},"31":{"start":{"line":91,"column":15},"end":{"line":91,"column":47}},"32":{"start":{"line":92,"column":2},"end":{"line":95,"column":5}},"33":{"start":{"line":98,"column":0},"end":{"line":108,"column":2}},"34":{"start":{"line":99,"column":2},"end":{"line":102,"column":5}},"35":{"start":{"line":104,"column":2},"end":{"line":107,"column":5}}},"fnMap":{"0":{"name":"(anonymous_0)","decl":{"start":{"line":3,"column":19},"end":{"line":3,"column":20}},"loc":{"start":{"line":3,"column":45},"end":{"line":22,"column":1}},"line":3},"1":{"name":"(anonymous_1)","decl":{"start":{"line":24,"column":16},"end":{"line":24,"column":17}},"loc":{"start":{"line":24,"column":42},"end":{"line":57,"column":1}},"line":24},"2":{"name":"(anonymous_2)","decl":{"start":{"line":59,"column":26},"end":{"line":59,"column":27}},"loc":{"start":{"line":59,"column":53},"end":{"line":77,"column":1}},"line":59},"3":{"name":"(anonymous_3)","decl":{"start":{"line":79,"column":17},"end":{"line":79,"column":18}},"loc":{"start":{"line":79,"column":43},"end":{"line":88,"column":1}},"line":79},"4":{"name":"(anonymous_4)","decl":{"start":{"line":90,"column":16},"end":{"line":90,"column":17}},"loc":{"start":{"line":90,"column":42},"end":{"line":96,"column":1}},"line":90},"5":{"name":"(anonymous_5)","decl":{"start":{"line":98,"column":17},"end":{"line":98,"column":18}},"loc":{"start":{"line":98,"column":43},"end":{"line":108,"column":1}},"line":98}},"branchMap":{"0":{"loc":{"start":{"line":28,"column":4},"end":{"line":33,"column":5}},"type":"if","locations":[{"start":{"line":28,"column":4},"end":{"line":33,"column":5}},{"start":{},"end":{}}],"line":28},"1":{"loc":{"start":{"line":28,"column":8},"end":{"line":28,"column":27}},"type":"binary-expr","locations":[{"start":{"line":28,"column":8},"end":{"line":28,"column":14}},{"start":{"line":28,"column":18},"end":{"line":28,"column":27}}],"line":28},"2":{"loc":{"start":{"line":35,"column":4},"end":{"line":40,"column":5}},"type":"if","locations":[{"start":{"line":35,"column":4},"end":{"line":40,"column":5}},{"start":{},"end":{}}],"line":35},"3":{"loc":{"start":{"line":43,"column":4},"end":{"line":48,"column":5}},"type":"if","locations":[{"start":{"line":43,"column":4},"end":{"line":48,"column":5}},{"start":{},"end":{}}],"line":43},"4":{"loc":{"start":{"line":69,"column":2},"end":{"line":71,"column":3}},"type":"if","locations":[{"start":{"line":69,"column":2},"end":{"line":71,"column":3}},{"start":{},"end":{}}],"line":69}},"s":{"0":1,"1":1,"2":0,"3":0,"4":0,"5":0,"6":0,"7":0,"8":1,"9":0,"10":0,"11":0,"12":0,"13":0,"14":0,"15":0,"16":0,"17":0,"18":0,"19":0,"20":0,"21":1,"22":0,"23":0,"24":0,"25":0,"26":0,"27":1,"28":0,"29":0,"30":1,"31":0,"32":0,"33":1,"34":0,"35":0},"f":{"0":0,"1":0,"2":0,"3":0,"4":0,"5":0},"b":{"0":[0,0],"1":[0,0],"2":[0,0],"3":[0,0],"4":[0,0]},"_coverageSchema":"1a1c01bbd47fc00a2c39e90264f33305004495a9","hash":"cc7242d0c3f5c1f620cb8136d49270df0c2f17eb"}
,"C:\\Users\\USER\\Desktop\\9-Kaoratz-Mawaew\\backend\\controllers\\payments.js": {"path":"C:\\Users\\USER\\Desktop\\9-Kaoratz-Mawaew\\backend\\controllers\\payments.js","statementMap":{"0":{"start":{"line":1,"column":20},"end":{"line":1,"column":52}},"1":{"start":{"line":2,"column":16},"end":{"line":2,"column":44}},"2":{"start":{"line":7,"column":0},"end":{"line":32,"column":2}},"3":{"start":{"line":10,"column":2},"end":{"line":16,"column":3}},"4":{"start":{"line":12,"column":4},"end":{"line":12,"column":48}},"5":{"start":{"line":15,"column":4},"end":{"line":15,"column":27}},"6":{"start":{"line":18,"column":2},"end":{"line":31,"column":3}},"7":{"start":{"line":19,"column":21},"end":{"line":19,"column":32}},"8":{"start":{"line":21,"column":4},"end":{"line":25,"column":7}},"9":{"start":{"line":27,"column":4},"end":{"line":30,"column":7}},"10":{"start":{"line":37,"column":0},"end":{"line":59,"column":2}},"11":{"start":{"line":38,"column":2},"end":{"line":58,"column":3}},"12":{"start":{"line":39,"column":20},"end":{"line":39,"column":57}},"13":{"start":{"line":41,"column":4},"end":{"line":46,"column":5}},"14":{"start":{"line":42,"column":6},"end":{"line":45,"column":9}},"15":{"start":{"line":48,"column":4},"end":{"line":51,"column":7}},"16":{"start":{"line":53,"column":4},"end":{"line":53,"column":21}},"17":{"start":{"line":54,"column":4},"end":{"line":57,"column":7}},"18":{"start":{"line":64,"column":0},"end":{"line":103,"column":2}},"19":{"start":{"line":65,"column":2},"end":{"line":102,"column":3}},"20":{"start":{"line":66,"column":53},"end":{"line":66,"column":61}},"21":{"start":{"line":69,"column":4},"end":{"line":74,"column":5}},"22":{"start":{"line":70,"column":6},"end":{"line":73,"column":9}},"23":{"start":{"line":77,"column":24},"end":{"line":77,"column":65}},"24":{"start":{"line":78,"column":4},"end":{"line":83,"column":5}},"25":{"start":{"line":79,"column":6},"end":{"line":82,"column":9}},"26":{"start":{"line":86,"column":20},"end":{"line":90,"column":6}},"27":{"start":{"line":92,"column":4},"end":{"line":95,"column":7}},"28":{"start":{"line":97,"column":4},"end":{"line":97,"column":23}},"29":{"start":{"line":98,"column":4},"end":{"line":101,"column":7}},"30":{"start":{"line":108,"column":0},"end":{"line":137,"column":2}},"31":{"start":{"line":109,"column":2},"end":{"line":136,"column":3}},"32":{"start":{"line":110,"column":18},"end":{"line":110,"column":55}},"33":{"start":{"line":112,"column":4},"end":{"line":117,"column":5}},"34":{"start":{"line":113,"column":6},"end":{"line":116,"column":9}},"35":{"start":{"line":121,"column":4},"end":{"line":124,"column":7}},"36":{"start":{"line":126,"column":4},"end":{"line":129,"column":7}},"37":{"start":{"line":131,"column":4},"end":{"line":131,"column":23}},"38":{"start":{"line":132,"column":4},"end":{"line":135,"column":7}},"39":{"start":{"line":142,"column":0},"end":{"line":168,"column":2}},"40":{"start":{"line":143,"column":2},"end":{"line":167,"column":3}},"41":{"start":{"line":144,"column":20},"end":{"line":144,"column":57}},"42":{"start":{"line":146,"column":4},"end":{"line":151,"column":5}},"43":{"start":{"line":147,"column":6},"end":{"line":150,"column":9}},"44":{"start":{"line":155,"column":4},"end":{"line":155,"column":30}},"45":{"start":{"line":157,"column":4},"end":{"line":160,"column":7}},"46":{"start":{"line":162,"column":4},"end":{"line":162,"column":23}},"47":{"start":{"line":163,"column":4},"end":{"line":166,"column":7}}},"fnMap":{"0":{"name":"(anonymous_0)","decl":{"start":{"line":7,"column":22},"end":{"line":7,"column":23}},"loc":{"start":{"line":7,"column":48},"end":{"line":32,"column":1}},"line":7},"1":{"name":"(anonymous_1)","decl":{"start":{"line":37,"column":21},"end":{"line":37,"column":22}},"loc":{"start":{"line":37,"column":47},"end":{"line":59,"column":1}},"line":37},"2":{"name":"(anonymous_2)","decl":{"start":{"line":64,"column":24},"end":{"line":64,"column":25}},"loc":{"start":{"line":64,"column":50},"end":{"line":103,"column":1}},"line":64},"3":{"name":"(anonymous_3)","decl":{"start":{"line":108,"column":24},"end":{"line":108,"column":25}},"loc":{"start":{"line":108,"column":50},"end":{"line":137,"column":1}},"line":108},"4":{"name":"(anonymous_4)","decl":{"start":{"line":142,"column":24},"end":{"line":142,"column":25}},"loc":{"start":{"line":142,"column":50},"end":{"line":168,"column":1}},"line":142}},"branchMap":{"0":{"loc":{"start":{"line":10,"column":2},"end":{"line":16,"column":3}},"type":"if","locations":[{"start":{"line":10,"column":2},"end":{"line":16,"column":3}},{"start":{"line":13,"column":9},"end":{"line":16,"column":3}}],"line":10},"1":{"loc":{"start":{"line":41,"column":4},"end":{"line":46,"column":5}},"type":"if","locations":[{"start":{"line":41,"column":4},"end":{"line":46,"column":5}},{"start":{},"end":{}}],"line":41},"2":{"loc":{"start":{"line":69,"column":4},"end":{"line":74,"column":5}},"type":"if","locations":[{"start":{"line":69,"column":4},"end":{"line":74,"column":5}},{"start":{},"end":{}}],"line":69},"3":{"loc":{"start":{"line":78,"column":4},"end":{"line":83,"column":5}},"type":"if","locations":[{"start":{"line":78,"column":4},"end":{"line":83,"column":5}},{"start":{},"end":{}}],"line":78},"4":{"loc":{"start":{"line":112,"column":4},"end":{"line":117,"column":5}},"type":"if","locations":[{"start":{"line":112,"column":4},"end":{"line":117,"column":5}},{"start":{},"end":{}}],"line":112},"5":{"loc":{"start":{"line":146,"column":4},"end":{"line":151,"column":5}},"type":"if","locations":[{"start":{"line":146,"column":4},"end":{"line":151,"column":5}},{"start":{},"end":{}}],"line":146}},"s":{"0":1,"1":1,"2":1,"3":0,"4":0,"5":0,"6":0,"7":0,"8":0,"9":0,"10":1,"11":0,"12":0,"13":0,"14":0,"15":0,"16":0,"17":0,"18":1,"19":0,"20":0,"21":0,"22":0,"23":0,"24":0,"25":0,"26":0,"27":0,"28":0,"29":0,"30":1,"31":0,"32":0,"33":0,"34":0,"35":0,"36":0,"37":0,"38":0,"39":1,"40":0,"41":0,"42":0,"43":0,"44":0,"45":0,"46":0,"47":0},"f":{"0":0,"1":0,"2":0,"3":0,"4":0},"b":{"0":[0,0],"1":[0,0],"2":[0,0],"3":[0,0],"4":[0,0],"5":[0,0]},"_coverageSchema":"1a1c01bbd47fc00a2c39e90264f33305004495a9","hash":"269d7f63062c5b5afc679f905c2636db32ab4e1d"}
,"C:\\Users\\USER\\Desktop\\9-Kaoratz-Mawaew\\backend\\controllers\\reservations.js": {"path":"C:\\Users\\USER\\Desktop\\9-Kaoratz-Mawaew\\backend\\controllers\\reservations.js","statementMap":{"0":{"start":{"line":1,"column":19},"end":{"line":1,"column":50}},"1":{"start":{"line":2,"column":20},"end":{"line":2,"column":52}},"2":{"start":{"line":7,"column":0},"end":{"line":62,"column":2}},"3":{"start":{"line":10,"column":2},"end":{"line":44,"column":3}},"4":{"start":{"line":12,"column":4},"end":{"line":20,"column":9}},"5":{"start":{"line":23,"column":4},"end":{"line":43,"column":5}},"6":{"start":{"line":24,"column":6},"end":{"line":32,"column":11}},"7":{"start":{"line":34,"column":6},"end":{"line":42,"column":11}},"8":{"start":{"line":46,"column":2},"end":{"line":61,"column":3}},"9":{"start":{"line":47,"column":24},"end":{"line":47,"column":35}},"10":{"start":{"line":49,"column":4},"end":{"line":53,"column":7}},"11":{"start":{"line":55,"column":4},"end":{"line":58,"column":7}},"12":{"start":{"line":60,"column":4},"end":{"line":60,"column":21}},"13":{"start":{"line":67,"column":0},"end":{"line":98,"column":2}},"14":{"start":{"line":68,"column":2},"end":{"line":97,"column":3}},"15":{"start":{"line":69,"column":24},"end":{"line":72,"column":6}},"16":{"start":{"line":74,"column":4},"end":{"line":79,"column":5}},"17":{"start":{"line":75,"column":6},"end":{"line":78,"column":9}},"18":{"start":{"line":80,"column":4},"end":{"line":85,"column":5}},"19":{"start":{"line":81,"column":6},"end":{"line":84,"column":8}},"20":{"start":{"line":87,"column":4},"end":{"line":90,"column":7}},"21":{"start":{"line":92,"column":4},"end":{"line":92,"column":21}},"22":{"start":{"line":93,"column":4},"end":{"line":96,"column":7}},"23":{"start":{"line":103,"column":0},"end":{"line":192,"column":2}},"24":{"start":{"line":104,"column":2},"end":{"line":191,"column":3}},"25":{"start":{"line":105,"column":4},"end":{"line":105,"column":50}},"26":{"start":{"line":106,"column":23},"end":{"line":106,"column":73}},"27":{"start":{"line":107,"column":4},"end":{"line":107,"column":32}},"28":{"start":{"line":108,"column":31},"end":{"line":111,"column":6}},"29":{"start":{"line":113,"column":4},"end":{"line":118,"column":5}},"30":{"start":{"line":114,"column":6},"end":{"line":117,"column":9}},"31":{"start":{"line":120,"column":4},"end":{"line":125,"column":5}},"32":{"start":{"line":121,"column":6},"end":{"line":124,"column":9}},"33":{"start":{"line":127,"column":21},"end":{"line":127,"column":52}},"34":{"start":{"line":128,"column":22},"end":{"line":128,"column":54}},"35":{"start":{"line":129,"column":20},"end":{"line":129,"column":48}},"36":{"start":{"line":130,"column":21},"end":{"line":130,"column":50}},"37":{"start":{"line":133,"column":22},"end":{"line":133,"column":42}},"38":{"start":{"line":134,"column":22},"end":{"line":134,"column":40}},"39":{"start":{"line":136,"column":21},"end":{"line":136,"column":58}},"40":{"start":{"line":137,"column":21},"end":{"line":137,"column":58}},"41":{"start":{"line":139,"column":22},"end":{"line":139,"column":41}},"42":{"start":{"line":140,"column":28},"end":{"line":140,"column":57}},"43":{"start":{"line":141,"column":27},"end":{"line":141,"column":56}},"44":{"start":{"line":142,"column":26},"end":{"line":142,"column":64}},"45":{"start":{"line":144,"column":4},"end":{"line":144,"column":56}},"46":{"start":{"line":146,"column":4},"end":{"line":178,"column":5}},"47":{"start":{"line":147,"column":6},"end":{"line":157,"column":7}},"48":{"start":{"line":153,"column":8},"end":{"line":156,"column":11}},"49":{"start":{"line":159,"column":6},"end":{"line":167,"column":7}},"50":{"start":{"line":163,"column":8},"end":{"line":166,"column":11}},"51":{"start":{"line":169,"column":6},"end":{"line":177,"column":7}},"52":{"start":{"line":173,"column":8},"end":{"line":176,"column":11}},"53":{"start":{"line":180,"column":24},"end":{"line":180,"column":58}},"54":{"start":{"line":182,"column":4},"end":{"line":185,"column":7}},"55":{"start":{"line":187,"column":4},"end":{"line":190,"column":7}},"56":{"start":{"line":197,"column":0},"end":{"line":381,"column":2}},"57":{"start":{"line":198,"column":2},"end":{"line":380,"column":3}},"58":{"start":{"line":199,"column":22},"end":{"line":199,"column":63}},"59":{"start":{"line":202,"column":4},"end":{"line":210,"column":5}},"60":{"start":{"line":206,"column":6},"end":{"line":209,"column":9}},"61":{"start":{"line":212,"column":4},"end":{"line":217,"column":5}},"62":{"start":{"line":213,"column":6},"end":{"line":216,"column":9}},"63":{"start":{"line":220,"column":4},"end":{"line":311,"column":5}},"64":{"start":{"line":221,"column":25},"end":{"line":221,"column":73}},"65":{"start":{"line":222,"column":23},"end":{"line":222,"column":54}},"66":{"start":{"line":223,"column":24},"end":{"line":223,"column":56}},"67":{"start":{"line":224,"column":22},"end":{"line":224,"column":50}},"68":{"start":{"line":225,"column":23},"end":{"line":225,"column":52}},"69":{"start":{"line":228,"column":24},"end":{"line":228,"column":44}},"70":{"start":{"line":229,"column":24},"end":{"line":229,"column":42}},"71":{"start":{"line":231,"column":23},"end":{"line":231,"column":60}},"72":{"start":{"line":232,"column":23},"end":{"line":232,"column":60}},"73":{"start":{"line":234,"column":24},"end":{"line":234,"column":43}},"74":{"start":{"line":235,"column":30},"end":{"line":235,"column":59}},"75":{"start":{"line":236,"column":29},"end":{"line":236,"column":58}},"76":{"start":{"line":237,"column":28},"end":{"line":237,"column":66}},"77":{"start":{"line":239,"column":6},"end":{"line":239,"column":58}},"78":{"start":{"line":240,"column":6},"end":{"line":276,"column":7}},"79":{"start":{"line":241,"column":32},"end":{"line":241,"column":60}},"80":{"start":{"line":242,"column":31},"end":{"line":242,"column":61}},"81":{"start":{"line":244,"column":8},"end":{"line":275,"column":9}},"82":{"start":{"line":245,"column":10},"end":{"line":255,"column":11}},"83":{"start":{"line":251,"column":12},"end":{"line":254,"column":15}},"84":{"start":{"line":257,"column":10},"end":{"line":265,"column":11}},"85":{"start":{"line":261,"column":12},"end":{"line":264,"column":15}},"86":{"start":{"line":266,"column":10},"end":{"line":274,"column":11}},"87":{"start":{"line":270,"column":12},"end":{"line":273,"column":15}},"88":{"start":{"line":278,"column":6},"end":{"line":310,"column":7}},"89":{"start":{"line":279,"column":8},"end":{"line":289,"column":9}},"90":{"start":{"line":285,"column":10},"end":{"line":288,"column":13}},"91":{"start":{"line":291,"column":8},"end":{"line":299,"column":9}},"92":{"start":{"line":295,"column":10},"end":{"line":298,"column":13}},"93":{"start":{"line":301,"column":8},"end":{"line":309,"column":9}},"94":{"start":{"line":305,"column":10},"end":{"line":308,"column":13}},"95":{"start":{"line":314,"column":4},"end":{"line":364,"column":5}},"96":{"start":{"line":315,"column":25},"end":{"line":315,"column":74}},"97":{"start":{"line":317,"column":23},"end":{"line":317,"column":54}},"98":{"start":{"line":318,"column":24},"end":{"line":318,"column":56}},"99":{"start":{"line":319,"column":22},"end":{"line":319,"column":50}},"100":{"start":{"line":320,"column":23},"end":{"line":320,"column":52}},"101":{"start":{"line":322,"column":24},"end":{"line":322,"column":44}},"102":{"start":{"line":323,"column":24},"end":{"line":323,"column":42}},"103":{"start":{"line":325,"column":23},"end":{"line":325,"column":60}},"104":{"start":{"line":326,"column":23},"end":{"line":326,"column":60}},"105":{"start":{"line":328,"column":24},"end":{"line":328,"column":43}},"106":{"start":{"line":329,"column":30},"end":{"line":329,"column":59}},"107":{"start":{"line":330,"column":29},"end":{"line":330,"column":58}},"108":{"start":{"line":332,"column":6},"end":{"line":363,"column":7}},"109":{"start":{"line":333,"column":8},"end":{"line":343,"column":9}},"110":{"start":{"line":339,"column":10},"end":{"line":342,"column":13}},"111":{"start":{"line":345,"column":8},"end":{"line":353,"column":9}},"112":{"start":{"line":349,"column":10},"end":{"line":352,"column":13}},"113":{"start":{"line":354,"column":8},"end":{"line":362,"column":9}},"114":{"start":{"line":358,"column":10},"end":{"line":361,"column":13}},"115":{"start":{"line":366,"column":4},"end":{"line":369,"column":7}},"116":{"start":{"line":370,"column":4},"end":{"line":373,"column":7}},"117":{"start":{"line":375,"column":4},"end":{"line":375,"column":21}},"118":{"start":{"line":376,"column":4},"end":{"line":379,"column":7}},"119":{"start":{"line":386,"column":0},"end":{"line":421,"column":2}},"120":{"start":{"line":387,"column":2},"end":{"line":420,"column":3}},"121":{"start":{"line":388,"column":24},"end":{"line":388,"column":65}},"122":{"start":{"line":390,"column":4},"end":{"line":398,"column":5}},"123":{"start":{"line":394,"column":6},"end":{"line":397,"column":9}},"124":{"start":{"line":400,"column":4},"end":{"line":405,"column":5}},"125":{"start":{"line":401,"column":6},"end":{"line":404,"column":9}},"126":{"start":{"line":407,"column":4},"end":{"line":407,"column":34}},"127":{"start":{"line":409,"column":4},"end":{"line":412,"column":7}},"128":{"start":{"line":414,"column":4},"end":{"line":417,"column":7}},"129":{"start":{"line":419,"column":4},"end":{"line":419,"column":21}},"130":{"start":{"line":426,"column":0},"end":{"line":488,"column":2}},"131":{"start":{"line":429,"column":2},"end":{"line":487,"column":3}},"132":{"start":{"line":430,"column":4},"end":{"line":438,"column":43}},"133":{"start":{"line":440,"column":25},"end":{"line":440,"column":36}},"134":{"start":{"line":443,"column":22},"end":{"line":443,"column":77}},"135":{"start":{"line":443,"column":56},"end":{"line":443,"column":76}},"136":{"start":{"line":444,"column":22},"end":{"line":444,"column":24}},"137":{"start":{"line":446,"column":4},"end":{"line":450,"column":5}},"138":{"start":{"line":446,"column":20},"end":{"line":446,"column":21}},"139":{"start":{"line":447,"column":19},"end":{"line":447,"column":54}},"140":{"start":{"line":448,"column":20},"end":{"line":448,"column":77}},"141":{"start":{"line":448,"column":45},"end":{"line":448,"column":69}},"142":{"start":{"line":449,"column":6},"end":{"line":449,"column":38}},"143":{"start":{"line":453,"column":27},"end":{"line":457,"column":6}},"144":{"start":{"line":454,"column":23},"end":{"line":454,"column":73}},"145":{"start":{"line":454,"column":48},"end":{"line":454,"column":72}},"146":{"start":{"line":455,"column":27},"end":{"line":455,"column":90}},"147":{"start":{"line":456,"column":6},"end":{"line":456,"column":36}},"148":{"start":{"line":460,"column":32},"end":{"line":460,"column":33}},"149":{"start":{"line":461,"column":28},"end":{"line":461,"column":30}},"150":{"start":{"line":462,"column":4},"end":{"line":470,"column":5}},"151":{"start":{"line":462,"column":20},"end":{"line":462,"column":21}},"152":{"start":{"line":463,"column":30},"end":{"line":463,"column":31}},"153":{"start":{"line":464,"column":6},"end":{"line":466,"column":7}},"154":{"start":{"line":464,"column":19},"end":{"line":464,"column":23}},"155":{"start":{"line":465,"column":8},"end":{"line":465,"column":53}},"156":{"start":{"line":467,"column":28},"end":{"line":467,"column":67}},"157":{"start":{"line":468,"column":23},"end":{"line":468,"column":66}},"158":{"start":{"line":469,"column":6},"end":{"line":469,"column":47}},"159":{"start":{"line":472,"column":4},"end":{"line":479,"column":7}},"160":{"start":{"line":481,"column":4},"end":{"line":484,"column":7}},"161":{"start":{"line":486,"column":4},"end":{"line":486,"column":21}},"162":{"start":{"line":493,"column":0},"end":{"line":522,"column":1}},"163":{"start":{"line":496,"column":4},"end":{"line":504,"column":9}},"164":{"start":{"line":506,"column":4},"end":{"line":521,"column":5}},"165":{"start":{"line":507,"column":26},"end":{"line":507,"column":37}},"166":{"start":{"line":509,"column":6},"end":{"line":513,"column":9}},"167":{"start":{"line":515,"column":6},"end":{"line":518,"column":9}},"168":{"start":{"line":520,"column":6},"end":{"line":520,"column":23}}},"fnMap":{"0":{"name":"(anonymous_0)","decl":{"start":{"line":7,"column":26},"end":{"line":7,"column":27}},"loc":{"start":{"line":7,"column":52},"end":{"line":62,"column":1}},"line":7},"1":{"name":"(anonymous_1)","decl":{"start":{"line":67,"column":25},"end":{"line":67,"column":26}},"loc":{"start":{"line":67,"column":51},"end":{"line":98,"column":1}},"line":67},"2":{"name":"(anonymous_2)","decl":{"start":{"line":103,"column":28},"end":{"line":103,"column":29}},"loc":{"start":{"line":103,"column":54},"end":{"line":192,"column":1}},"line":103},"3":{"name":"(anonymous_3)","decl":{"start":{"line":197,"column":28},"end":{"line":197,"column":29}},"loc":{"start":{"line":197,"column":54},"end":{"line":381,"column":1}},"line":197},"4":{"name":"(anonymous_4)","decl":{"start":{"line":386,"column":28},"end":{"line":386,"column":29}},"loc":{"start":{"line":386,"column":54},"end":{"line":421,"column":1}},"line":386},"5":{"name":"(anonymous_5)","decl":{"start":{"line":426,"column":32},"end":{"line":426,"column":33}},"loc":{"start":{"line":426,"column":58},"end":{"line":488,"column":1}},"line":426},"6":{"name":"(anonymous_6)","decl":{"start":{"line":443,"column":39},"end":{"line":443,"column":40}},"loc":{"start":{"line":443,"column":56},"end":{"line":443,"column":76}},"line":443},"7":{"name":"(anonymous_7)","decl":{"start":{"line":448,"column":37},"end":{"line":448,"column":38}},"loc":{"start":{"line":448,"column":45},"end":{"line":448,"column":69}},"line":448},"8":{"name":"(anonymous_8)","decl":{"start":{"line":453,"column":54},"end":{"line":453,"column":55}},"loc":{"start":{"line":453,"column":67},"end":{"line":457,"column":5}},"line":453},"9":{"name":"(anonymous_9)","decl":{"start":{"line":454,"column":40},"end":{"line":454,"column":41}},"loc":{"start":{"line":454,"column":48},"end":{"line":454,"column":72}},"line":454},"10":{"name":"(anonymous_10)","decl":{"start":{"line":493,"column":35},"end":{"line":493,"column":36}},"loc":{"start":{"line":493,"column":59},"end":{"line":522,"column":1}},"line":493}},"branchMap":{"0":{"loc":{"start":{"line":10,"column":2},"end":{"line":44,"column":3}},"type":"if","locations":[{"start":{"line":10,"column":2},"end":{"line":44,"column":3}},{"start":{"line":21,"column":9},"end":{"line":44,"column":3}}],"line":10},"1":{"loc":{"start":{"line":23,"column":4},"end":{"line":43,"column":5}},"type":"if","locations":[{"start":{"line":23,"column":4},"end":{"line":43,"column":5}},{"start":{"line":33,"column":11},"end":{"line":43,"column":5}}],"line":23},"2":{"loc":{"start":{"line":74,"column":4},"end":{"line":79,"column":5}},"type":"if","locations":[{"start":{"line":74,"column":4},"end":{"line":79,"column":5}},{"start":{},"end":{}}],"line":74},"3":{"loc":{"start":{"line":80,"column":4},"end":{"line":85,"column":5}},"type":"if","locations":[{"start":{"line":80,"column":4},"end":{"line":85,"column":5}},{"start":{},"end":{}}],"line":80},"4":{"loc":{"start":{"line":80,"column":8},"end":{"line":80,"column":78}},"type":"binary-expr","locations":[{"start":{"line":80,"column":8},"end":{"line":80,"column":50}},{"start":{"line":80,"column":54},"end":{"line":80,"column":78}}],"line":80},"5":{"loc":{"start":{"line":113,"column":4},"end":{"line":118,"column":5}},"type":"if","locations":[{"start":{"line":113,"column":4},"end":{"line":118,"column":5}},{"start":{},"end":{}}],"line":113},"6":{"loc":{"start":{"line":113,"column":8},"end":{"line":113,"column":67}},"type":"binary-expr","locations":[{"start":{"line":113,"column":8},"end":{"line":113,"column":38}},{"start":{"line":113,"column":42},"end":{"line":113,"column":67}}],"line":113},"7":{"loc":{"start":{"line":120,"column":4},"end":{"line":125,"column":5}},"type":"if","locations":[{"start":{"line":120,"column":4},"end":{"line":125,"column":5}},{"start":{},"end":{}}],"line":120},"8":{"loc":{"start":{"line":146,"column":4},"end":{"line":178,"column":5}},"type":"if","locations":[{"start":{"line":146,"column":4},"end":{"line":178,"column":5}},{"start":{"line":158,"column":11},"end":{"line":178,"column":5}}],"line":146},"9":{"loc":{"start":{"line":147,"column":6},"end":{"line":157,"column":7}},"type":"if","locations":[{"start":{"line":147,"column":6},"end":{"line":157,"column":7}},{"start":{},"end":{}}],"line":147},"10":{"loc":{"start":{"line":148,"column":8},"end":{"line":151,"column":68}},"type":"binary-expr","locations":[{"start":{"line":148,"column":9},"end":{"line":148,"column":36}},{"start":{"line":149,"column":11},"end":{"line":149,"column":39}},{"start":{"line":149,"column":43},"end":{"line":149,"column":68}},{"start":{"line":150,"column":9},"end":{"line":150,"column":35}},{"start":{"line":151,"column":11},"end":{"line":151,"column":38}},{"start":{"line":151,"column":42},"end":{"line":151,"column":66}}],"line":148},"11":{"loc":{"start":{"line":159,"column":6},"end":{"line":167,"column":7}},"type":"if","locations":[{"start":{"line":159,"column":6},"end":{"line":167,"column":7}},{"start":{},"end":{}}],"line":159},"12":{"loc":{"start":{"line":160,"column":8},"end":{"line":161,"column":67}},"type":"binary-expr","locations":[{"start":{"line":160,"column":8},"end":{"line":160,"column":35}},{"start":{"line":161,"column":9},"end":{"line":161,"column":37}},{"start":{"line":161,"column":41},"end":{"line":161,"column":66}}],"line":160},"13":{"loc":{"start":{"line":169,"column":6},"end":{"line":177,"column":7}},"type":"if","locations":[{"start":{"line":169,"column":6},"end":{"line":177,"column":7}},{"start":{},"end":{}}],"line":169},"14":{"loc":{"start":{"line":170,"column":8},"end":{"line":171,"column":65}},"type":"binary-expr","locations":[{"start":{"line":170,"column":8},"end":{"line":170,"column":34}},{"start":{"line":171,"column":9},"end":{"line":171,"column":36}},{"start":{"line":171,"column":40},"end":{"line":171,"column":64}}],"line":170},"15":{"loc":{"start":{"line":202,"column":4},"end":{"line":210,"column":5}},"type":"if","locations":[{"start":{"line":202,"column":4},"end":{"line":210,"column":5}},{"start":{},"end":{}}],"line":202},"16":{"loc":{"start":{"line":203,"column":6},"end":{"line":204,"column":31}},"type":"binary-expr","locations":[{"start":{"line":203,"column":6},"end":{"line":203,"column":49}},{"start":{"line":204,"column":6},"end":{"line":204,"column":31}}],"line":203},"17":{"loc":{"start":{"line":212,"column":4},"end":{"line":217,"column":5}},"type":"if","locations":[{"start":{"line":212,"column":4},"end":{"line":217,"column":5}},{"start":{},"end":{}}],"line":212},"18":{"loc":{"start":{"line":220,"column":4},"end":{"line":311,"column":5}},"type":"if","locations":[{"start":{"line":220,"column":4},"end":{"line":311,"column":5}},{"start":{},"end":{}}],"line":220},"19":{"loc":{"start":{"line":240,"column":6},"end":{"line":276,"column":7}},"type":"if","locations":[{"start":{"line":240,"column":6},"end":{"line":276,"column":7}},{"start":{},"end":{}}],"line":240},"20":{"loc":{"start":{"line":244,"column":8},"end":{"line":275,"column":9}},"type":"if","locations":[{"start":{"line":244,"column":8},"end":{"line":275,"column":9}},{"start":{"line":256,"column":15},"end":{"line":275,"column":9}}],"line":244},"21":{"loc":{"start":{"line":245,"column":10},"end":{"line":255,"column":11}},"type":"if","locations":[{"start":{"line":245,"column":10},"end":{"line":255,"column":11}},{"start":{},"end":{}}],"line":245},"22":{"loc":{"start":{"line":246,"column":12},"end":{"line":249,"column":72}},"type":"binary-expr","locations":[{"start":{"line":246,"column":13},"end":{"line":246,"column":40}},{"start":{"line":247,"column":15},"end":{"line":247,"column":43}},{"start":{"line":247,"column":47},"end":{"line":247,"column":72}},{"start":{"line":248,"column":13},"end":{"line":248,"column":39}},{"start":{"line":249,"column":15},"end":{"line":249,"column":42}},{"start":{"line":249,"column":46},"end":{"line":249,"column":70}}],"line":246},"23":{"loc":{"start":{"line":257,"column":10},"end":{"line":265,"column":11}},"type":"if","locations":[{"start":{"line":257,"column":10},"end":{"line":265,"column":11}},{"start":{},"end":{}}],"line":257},"24":{"loc":{"start":{"line":258,"column":12},"end":{"line":259,"column":71}},"type":"binary-expr","locations":[{"start":{"line":258,"column":12},"end":{"line":258,"column":39}},{"start":{"line":259,"column":13},"end":{"line":259,"column":41}},{"start":{"line":259,"column":45},"end":{"line":259,"column":70}}],"line":258},"25":{"loc":{"start":{"line":266,"column":10},"end":{"line":274,"column":11}},"type":"if","locations":[{"start":{"line":266,"column":10},"end":{"line":274,"column":11}},{"start":{},"end":{}}],"line":266},"26":{"loc":{"start":{"line":267,"column":12},"end":{"line":268,"column":69}},"type":"binary-expr","locations":[{"start":{"line":267,"column":12},"end":{"line":267,"column":38}},{"start":{"line":268,"column":13},"end":{"line":268,"column":40}},{"start":{"line":268,"column":44},"end":{"line":268,"column":68}}],"line":267},"27":{"loc":{"start":{"line":278,"column":6},"end":{"line":310,"column":7}},"type":"if","locations":[{"start":{"line":278,"column":6},"end":{"line":310,"column":7}},{"start":{"line":290,"column":13},"end":{"line":310,"column":7}}],"line":278},"28":{"loc":{"start":{"line":279,"column":8},"end":{"line":289,"column":9}},"type":"if","locations":[{"start":{"line":279,"column":8},"end":{"line":289,"column":9}},{"start":{},"end":{}}],"line":279},"29":{"loc":{"start":{"line":280,"column":10},"end":{"line":283,"column":70}},"type":"binary-expr","locations":[{"start":{"line":280,"column":11},"end":{"line":280,"column":38}},{"start":{"line":281,"column":13},"end":{"line":281,"column":41}},{"start":{"line":281,"column":45},"end":{"line":281,"column":70}},{"start":{"line":282,"column":11},"end":{"line":282,"column":37}},{"start":{"line":283,"column":13},"end":{"line":283,"column":40}},{"start":{"line":283,"column":44},"end":{"line":283,"column":68}}],"line":280},"30":{"loc":{"start":{"line":291,"column":8},"end":{"line":299,"column":9}},"type":"if","locations":[{"start":{"line":291,"column":8},"end":{"line":299,"column":9}},{"start":{},"end":{}}],"line":291},"31":{"loc":{"start":{"line":292,"column":10},"end":{"line":293,"column":69}},"type":"binary-expr","locations":[{"start":{"line":292,"column":10},"end":{"line":292,"column":37}},{"start":{"line":293,"column":11},"end":{"line":293,"column":39}},{"start":{"line":293,"column":43},"end":{"line":293,"column":68}}],"line":292},"32":{"loc":{"start":{"line":301,"column":8},"end":{"line":309,"column":9}},"type":"if","locations":[{"start":{"line":301,"column":8},"end":{"line":309,"column":9}},{"start":{},"end":{}}],"line":301},"33":{"loc":{"start":{"line":302,"column":10},"end":{"line":303,"column":67}},"type":"binary-expr","locations":[{"start":{"line":302,"column":10},"end":{"line":302,"column":36}},{"start":{"line":303,"column":11},"end":{"line":303,"column":38}},{"start":{"line":303,"column":42},"end":{"line":303,"column":66}}],"line":302},"34":{"loc":{"start":{"line":314,"column":4},"end":{"line":364,"column":5}},"type":"if","locations":[{"start":{"line":314,"column":4},"end":{"line":364,"column":5}},{"start":{},"end":{}}],"line":314},"35":{"loc":{"start":{"line":332,"column":6},"end":{"line":363,"column":7}},"type":"if","locations":[{"start":{"line":332,"column":6},"end":{"line":363,"column":7}},{"start":{"line":344,"column":13},"end":{"line":363,"column":7}}],"line":332},"36":{"loc":{"start":{"line":333,"column":8},"end":{"line":343,"column":9}},"type":"if","locations":[{"start":{"line":333,"column":8},"end":{"line":343,"column":9}},{"start":{},"end":{}}],"line":333},"37":{"loc":{"start":{"line":334,"column":10},"end":{"line":337,"column":70}},"type":"binary-expr","locations":[{"start":{"line":334,"column":11},"end":{"line":334,"column":38}},{"start":{"line":335,"column":13},"end":{"line":335,"column":41}},{"start":{"line":335,"column":45},"end":{"line":335,"column":70}},{"start":{"line":336,"column":11},"end":{"line":336,"column":37}},{"start":{"line":337,"column":13},"end":{"line":337,"column":40}},{"start":{"line":337,"column":44},"end":{"line":337,"column":68}}],"line":334},"38":{"loc":{"start":{"line":345,"column":8},"end":{"line":353,"column":9}},"type":"if","locations":[{"start":{"line":345,"column":8},"end":{"line":353,"column":9}},{"start":{},"end":{}}],"line":345},"39":{"loc":{"start":{"line":346,"column":10},"end":{"line":347,"column":69}},"type":"binary-expr","locations":[{"start":{"line":346,"column":10},"end":{"line":346,"column":37}},{"start":{"line":347,"column":11},"end":{"line":347,"column":39}},{"start":{"line":347,"column":43},"end":{"line":347,"column":68}}],"line":346},"40":{"loc":{"start":{"line":354,"column":8},"end":{"line":362,"column":9}},"type":"if","locations":[{"start":{"line":354,"column":8},"end":{"line":362,"column":9}},{"start":{},"end":{}}],"line":354},"41":{"loc":{"start":{"line":355,"column":10},"end":{"line":356,"column":67}},"type":"binary-expr","locations":[{"start":{"line":355,"column":10},"end":{"line":355,"column":36}},{"start":{"line":356,"column":11},"end":{"line":356,"column":38}},{"start":{"line":356,"column":42},"end":{"line":356,"column":66}}],"line":355},"42":{"loc":{"start":{"line":390,"column":4},"end":{"line":398,"column":5}},"type":"if","locations":[{"start":{"line":390,"column":4},"end":{"line":398,"column":5}},{"start":{},"end":{}}],"line":390},"43":{"loc":{"start":{"line":391,"column":6},"end":{"line":392,"column":31}},"type":"binary-expr","locations":[{"start":{"line":391,"column":6},"end":{"line":391,"column":49}},{"start":{"line":392,"column":6},"end":{"line":392,"column":31}}],"line":391},"44":{"loc":{"start":{"line":400,"column":4},"end":{"line":405,"column":5}},"type":"if","locations":[{"start":{"line":400,"column":4},"end":{"line":405,"column":5}},{"start":{},"end":{}}],"line":400},"45":{"loc":{"start":{"line":447,"column":22},"end":{"line":447,"column":42}},"type":"cond-expr","locations":[{"start":{"line":447,"column":34},"end":{"line":447,"column":37}},{"start":{"line":447,"column":40},"end":{"line":447,"column":42}}],"line":447},"46":{"loc":{"start":{"line":455,"column":27},"end":{"line":455,"column":90}},"type":"cond-expr","locations":[{"start":{"line":455,"column":49},"end":{"line":455,"column":86}},{"start":{"line":455,"column":89},"end":{"line":455,"column":90}}],"line":455}},"s":{"0":1,"1":1,"2":1,"3":0,"4":0,"5":0,"6":0,"7":0,"8":0,"9":0,"10":0,"11":0,"12":0,"13":1,"14":0,"15":0,"16":0,"17":0,"18":0,"19":0,"20":0,"21":0,"22":0,"23":1,"24":0,"25":0,"26":0,"27":0,"28":0,"29":0,"30":0,"31":0,"32":0,"33":0,"34":0,"35":0,"36":0,"37":0,"38":0,"39":0,"40":0,"41":0,"42":0,"43":0,"44":0,"45":0,"46":0,"47":0,"48":0,"49":0,"50":0,"51":0,"52":0,"53":0,"54":0,"55":0,"56":1,"57":0,"58":0,"59":0,"60":0,"61":0,"62":0,"63":0,"64":0,"65":0,"66":0,"67":0,"68":0,"69":0,"70":0,"71":0,"72":0,"73":0,"74":0,"75":0,"76":0,"77":0,"78":0,"79":0,"80":0,"81":0,"82":0,"83":0,"84":0,"85":0,"86":0,"87":0,"88":0,"89":0,"90":0,"91":0,"92":0,"93":0,"94":0,"95":0,"96":0,"97":0,"98":0,"99":0,"100":0,"101":0,"102":0,"103":0,"104":0,"105":0,"106":0,"107":0,"108":0,"109":0,"110":0,"111":0,"112":0,"113":0,"114":0,"115":0,"116":0,"117":0,"118":0,"119":1,"120":0,"121":0,"122":0,"123":0,"124":0,"125":0,"126":0,"127":0,"128":0,"129":0,"130":1,"131":2,"132":2,"133":2,"134":2,"135":1,"136":2,"137":2,"138":2,"139":48,"140":48,"141":24,"142":48,"143":2,"144":48,"145":24,"146":48,"147":48,"148":2,"149":2,"150":2,"151":2,"152":48,"153":48,"154":48,"155":144,"156":48,"157":48,"158":48,"159":2,"160":0,"161":0,"162":1,"163":0,"164":0,"165":0,"166":0,"167":0,"168":0},"f":{"0":0,"1":0,"2":0,"3":0,"4":0,"5":2,"6":1,"7":24,"8":48,"9":24,"10":0},"b":{"0":[0,0],"1":[0,0],"2":[0,0],"3":[0,0],"4":[0,0],"5":[0,0],"6":[0,0],"7":[0,0],"8":[0,0],"9":[0,0],"10":[0,0,0,0,0,0],"11":[0,0],"12":[0,0,0],"13":[0,0],"14":[0,0,0],"15":[0,0],"16":[0,0],"17":[0,0],"18":[0,0],"19":[0,0],"20":[0,0],"21":[0,0],"22":[0,0,0,0,0,0],"23":[0,0],"24":[0,0,0],"25":[0,0],"26":[0,0,0],"27":[0,0],"28":[0,0],"29":[0,0,0,0,0,0],"30":[0,0],"31":[0,0,0],"32":[0,0],"33":[0,0,0],"34":[0,0],"35":[0,0],"36":[0,0],"37":[0,0,0,0,0,0],"38":[0,0],"39":[0,0,0],"40":[0,0],"41":[0,0,0],"42":[0,0],"43":[0,0],"44":[0,0],"45":[20,28],"46":[1,47]},"_coverageSchema":"1a1c01bbd47fc00a2c39e90264f33305004495a9","hash":"1a2ee73040bf1f4433f014c0754542db5ede9d2e"}
,"C:\\Users\\USER\\Desktop\\9-Kaoratz-Mawaew\\backend\\controllers\\restaurants.js": {"path":"C:\\Users\\USER\\Desktop\\9-Kaoratz-Mawaew\\backend\\controllers\\restaurants.js","statementMap":{"0":{"start":{"line":1,"column":19},"end":{"line":1,"column":50}},"1":{"start":{"line":6,"column":0},"end":{"line":87,"column":2}},"2":{"start":{"line":9,"column":19},"end":{"line":9,"column":35}},"3":{"start":{"line":10,"column":23},"end":{"line":10,"column":65}},"4":{"start":{"line":12,"column":2},"end":{"line":12,"column":58}},"5":{"start":{"line":12,"column":34},"end":{"line":12,"column":56}},"6":{"start":{"line":14,"column":17},"end":{"line":14,"column":41}},"7":{"start":{"line":16,"column":2},"end":{"line":19,"column":4}},"8":{"start":{"line":18,"column":15},"end":{"line":18,"column":26}},"9":{"start":{"line":20,"column":2},"end":{"line":20,"column":72}},"10":{"start":{"line":22,"column":2},"end":{"line":26,"column":3}},"11":{"start":{"line":23,"column":17},"end":{"line":23,"column":41}},"12":{"start":{"line":24,"column":4},"end":{"line":24,"column":23}},"13":{"start":{"line":25,"column":4},"end":{"line":25,"column":47}},"14":{"start":{"line":28,"column":2},"end":{"line":34,"column":3}},"15":{"start":{"line":29,"column":19},"end":{"line":29,"column":54}},"16":{"start":{"line":31,"column":4},"end":{"line":31,"column":31}},"17":{"start":{"line":33,"column":4},"end":{"line":33,"column":37}},"18":{"start":{"line":36,"column":15},"end":{"line":36,"column":48}},"19":{"start":{"line":37,"column":16},"end":{"line":37,"column":51}},"20":{"start":{"line":38,"column":21},"end":{"line":38,"column":39}},"21":{"start":{"line":39,"column":19},"end":{"line":39,"column":31}},"22":{"start":{"line":41,"column":2},"end":{"line":86,"column":3}},"23":{"start":{"line":42,"column":18},"end":{"line":42,"column":43}},"24":{"start":{"line":44,"column":4},"end":{"line":49,"column":5}},"25":{"start":{"line":45,"column":6},"end":{"line":45,"column":83}},"26":{"start":{"line":48,"column":6},"end":{"line":48,"column":60}},"27":{"start":{"line":51,"column":4},"end":{"line":51,"column":48}},"28":{"start":{"line":53,"column":23},"end":{"line":53,"column":34}},"29":{"start":{"line":55,"column":23},"end":{"line":55,"column":25}},"30":{"start":{"line":57,"column":4},"end":{"line":62,"column":5}},"31":{"start":{"line":58,"column":6},"end":{"line":61,"column":8}},"32":{"start":{"line":64,"column":4},"end":{"line":69,"column":5}},"33":{"start":{"line":65,"column":6},"end":{"line":68,"column":8}},"34":{"start":{"line":71,"column":4},"end":{"line":78,"column":7}},"35":{"start":{"line":80,"column":4},"end":{"line":83,"column":7}},"36":{"start":{"line":85,"column":4},"end":{"line":85,"column":27}},"37":{"start":{"line":92,"column":0},"end":{"line":118,"column":2}},"38":{"start":{"line":93,"column":2},"end":{"line":117,"column":3}},"39":{"start":{"line":94,"column":23},"end":{"line":99,"column":4}},"40":{"start":{"line":101,"column":4},"end":{"line":106,"column":5}},"41":{"start":{"line":102,"column":6},"end":{"line":105,"column":9}},"42":{"start":{"line":108,"column":4},"end":{"line":111,"column":7}},"43":{"start":{"line":113,"column":4},"end":{"line":116,"column":7}},"44":{"start":{"line":123,"column":0},"end":{"line":153,"column":2}},"45":{"start":{"line":124,"column":2},"end":{"line":152,"column":3}},"46":{"start":{"line":125,"column":4},"end":{"line":130,"column":5}},"47":{"start":{"line":129,"column":6},"end":{"line":129,"column":37}},"48":{"start":{"line":132,"column":4},"end":{"line":138,"column":5}},"49":{"start":{"line":133,"column":19},"end":{"line":133,"column":42}},"50":{"start":{"line":134,"column":6},"end":{"line":134,"column":26}},"51":{"start":{"line":137,"column":6},"end":{"line":137,"column":24}},"52":{"start":{"line":140,"column":23},"end":{"line":140,"column":56}},"53":{"start":{"line":142,"column":4},"end":{"line":145,"column":7}},"54":{"start":{"line":147,"column":4},"end":{"line":147,"column":27}},"55":{"start":{"line":148,"column":4},"end":{"line":151,"column":7}},"56":{"start":{"line":158,"column":0},"end":{"line":194,"column":2}},"57":{"start":{"line":159,"column":2},"end":{"line":193,"column":3}},"58":{"start":{"line":160,"column":23},"end":{"line":160,"column":63}},"59":{"start":{"line":162,"column":4},"end":{"line":167,"column":5}},"60":{"start":{"line":163,"column":6},"end":{"line":166,"column":9}},"61":{"start":{"line":168,"column":4},"end":{"line":173,"column":5}},"62":{"start":{"line":169,"column":6},"end":{"line":172,"column":9}},"63":{"start":{"line":174,"column":4},"end":{"line":177,"column":5}},"64":{"start":{"line":175,"column":19},"end":{"line":175,"column":42}},"65":{"start":{"line":176,"column":6},"end":{"line":176,"column":26}},"66":{"start":{"line":179,"column":4},"end":{"line":182,"column":7}},"67":{"start":{"line":184,"column":4},"end":{"line":187,"column":7}},"68":{"start":{"line":189,"column":4},"end":{"line":192,"column":7}},"69":{"start":{"line":199,"column":0},"end":{"line":228,"column":2}},"70":{"start":{"line":200,"column":2},"end":{"line":227,"column":3}},"71":{"start":{"line":201,"column":23},"end":{"line":201,"column":63}},"72":{"start":{"line":203,"column":4},"end":{"line":208,"column":5}},"73":{"start":{"line":204,"column":6},"end":{"line":207,"column":9}},"74":{"start":{"line":209,"column":4},"end":{"line":214,"column":5}},"75":{"start":{"line":210,"column":6},"end":{"line":213,"column":9}},"76":{"start":{"line":216,"column":4},"end":{"line":216,"column":33}},"77":{"start":{"line":218,"column":4},"end":{"line":221,"column":7}},"78":{"start":{"line":223,"column":4},"end":{"line":226,"column":7}},"79":{"start":{"line":233,"column":0},"end":{"line":257,"column":2}},"80":{"start":{"line":234,"column":19},"end":{"line":234,"column":32}},"81":{"start":{"line":236,"column":2},"end":{"line":238,"column":3}},"82":{"start":{"line":237,"column":4},"end":{"line":237,"column":73}},"83":{"start":{"line":239,"column":2},"end":{"line":256,"column":3}},"84":{"start":{"line":240,"column":22},"end":{"line":240,"column":37}},"85":{"start":{"line":242,"column":4},"end":{"line":251,"column":9}},"86":{"start":{"line":245,"column":8},"end":{"line":245,"column":30}},"87":{"start":{"line":249,"column":8},"end":{"line":249,"column":55}},"88":{"start":{"line":250,"column":8},"end":{"line":250,"column":65}},"89":{"start":{"line":253,"column":4},"end":{"line":253,"column":46}},"90":{"start":{"line":255,"column":4},"end":{"line":255,"column":21}}},"fnMap":{"0":{"name":"(anonymous_0)","decl":{"start":{"line":6,"column":25},"end":{"line":6,"column":26}},"loc":{"start":{"line":6,"column":51},"end":{"line":87,"column":1}},"line":6},"1":{"name":"(anonymous_1)","decl":{"start":{"line":12,"column":23},"end":{"line":12,"column":24}},"loc":{"start":{"line":12,"column":34},"end":{"line":12,"column":56}},"line":12},"2":{"name":"(anonymous_2)","decl":{"start":{"line":18,"column":4},"end":{"line":18,"column":5}},"loc":{"start":{"line":18,"column":15},"end":{"line":18,"column":26}},"line":18},"3":{"name":"(anonymous_3)","decl":{"start":{"line":92,"column":24},"end":{"line":92,"column":25}},"loc":{"start":{"line":92,"column":50},"end":{"line":118,"column":1}},"line":92},"4":{"name":"(anonymous_4)","decl":{"start":{"line":123,"column":27},"end":{"line":123,"column":28}},"loc":{"start":{"line":123,"column":53},"end":{"line":153,"column":1}},"line":123},"5":{"name":"(anonymous_5)","decl":{"start":{"line":158,"column":27},"end":{"line":158,"column":28}},"loc":{"start":{"line":158,"column":53},"end":{"line":194,"column":1}},"line":158},"6":{"name":"(anonymous_6)","decl":{"start":{"line":199,"column":27},"end":{"line":199,"column":28}},"loc":{"start":{"line":199,"column":53},"end":{"line":228,"column":1}},"line":199},"7":{"name":"(anonymous_7)","decl":{"start":{"line":233,"column":27},"end":{"line":233,"column":28}},"loc":{"start":{"line":233,"column":47},"end":{"line":257,"column":1}},"line":233},"8":{"name":"(anonymous_8)","decl":{"start":{"line":243,"column":12},"end":{"line":243,"column":13}},"loc":{"start":{"line":243,"column":29},"end":{"line":246,"column":7}},"line":243},"9":{"name":"(anonymous_9)","decl":{"start":{"line":247,"column":13},"end":{"line":247,"column":14}},"loc":{"start":{"line":247,"column":22},"end":{"line":251,"column":7}},"line":247}},"branchMap":{"0":{"loc":{"start":{"line":22,"column":2},"end":{"line":26,"column":3}},"type":"if","locations":[{"start":{"line":22,"column":2},"end":{"line":26,"column":3}},{"start":{},"end":{}}],"line":22},"1":{"loc":{"start":{"line":28,"column":2},"end":{"line":34,"column":3}},"type":"if","locations":[{"start":{"line":28,"column":2},"end":{"line":34,"column":3}},{"start":{"line":32,"column":9},"end":{"line":34,"column":3}}],"line":28},"2":{"loc":{"start":{"line":36,"column":15},"end":{"line":36,"column":48}},"type":"binary-expr","locations":[{"start":{"line":36,"column":15},"end":{"line":36,"column":43}},{"start":{"line":36,"column":47},"end":{"line":36,"column":48}}],"line":36},"3":{"loc":{"start":{"line":37,"column":16},"end":{"line":37,"column":51}},"type":"binary-expr","locations":[{"start":{"line":37,"column":16},"end":{"line":37,"column":45}},{"start":{"line":37,"column":49},"end":{"line":37,"column":51}}],"line":37},"4":{"loc":{"start":{"line":44,"column":4},"end":{"line":49,"column":5}},"type":"if","locations":[{"start":{"line":44,"column":4},"end":{"line":49,"column":5}},{"start":{"line":47,"column":9},"end":{"line":49,"column":5}}],"line":44},"5":{"loc":{"start":{"line":57,"column":4},"end":{"line":62,"column":5}},"type":"if","locations":[{"start":{"line":57,"column":4},"end":{"line":62,"column":5}},{"start":{},"end":{}}],"line":57},"6":{"loc":{"start":{"line":64,"column":4},"end":{"line":69,"column":5}},"type":"if","locations":[{"start":{"line":64,"column":4},"end":{"line":69,"column":5}},{"start":{},"end":{}}],"line":64},"7":{"loc":{"start":{"line":101,"column":4},"end":{"line":106,"column":5}},"type":"if","locations":[{"start":{"line":101,"column":4},"end":{"line":106,"column":5}},{"start":{},"end":{}}],"line":101},"8":{"loc":{"start":{"line":125,"column":4},"end":{"line":130,"column":5}},"type":"if","locations":[{"start":{"line":125,"column":4},"end":{"line":130,"column":5}},{"start":{},"end":{}}],"line":125},"9":{"loc":{"start":{"line":126,"column":6},"end":{"line":127,"column":62}},"type":"binary-expr","locations":[{"start":{"line":126,"column":6},"end":{"line":126,"column":23}},{"start":{"line":127,"column":7},"end":{"line":127,"column":33}},{"start":{"line":127,"column":37},"end":{"line":127,"column":61}}],"line":126},"10":{"loc":{"start":{"line":132,"column":4},"end":{"line":138,"column":5}},"type":"if","locations":[{"start":{"line":132,"column":4},"end":{"line":138,"column":5}},{"start":{"line":136,"column":9},"end":{"line":138,"column":5}}],"line":132},"11":{"loc":{"start":{"line":162,"column":4},"end":{"line":167,"column":5}},"type":"if","locations":[{"start":{"line":162,"column":4},"end":{"line":167,"column":5}},{"start":{},"end":{}}],"line":162},"12":{"loc":{"start":{"line":168,"column":4},"end":{"line":173,"column":5}},"type":"if","locations":[{"start":{"line":168,"column":4},"end":{"line":173,"column":5}},{"start":{},"end":{}}],"line":168},"13":{"loc":{"start":{"line":168,"column":8},"end":{"line":168,"column":71}},"type":"binary-expr","locations":[{"start":{"line":168,"column":8},"end":{"line":168,"column":41}},{"start":{"line":168,"column":45},"end":{"line":168,"column":71}}],"line":168},"14":{"loc":{"start":{"line":174,"column":4},"end":{"line":177,"column":5}},"type":"if","locations":[{"start":{"line":174,"column":4},"end":{"line":177,"column":5}},{"start":{},"end":{}}],"line":174},"15":{"loc":{"start":{"line":203,"column":4},"end":{"line":208,"column":5}},"type":"if","locations":[{"start":{"line":203,"column":4},"end":{"line":208,"column":5}},{"start":{},"end":{}}],"line":203},"16":{"loc":{"start":{"line":209,"column":4},"end":{"line":214,"column":5}},"type":"if","locations":[{"start":{"line":209,"column":4},"end":{"line":214,"column":5}},{"start":{},"end":{}}],"line":209},"17":{"loc":{"start":{"line":209,"column":8},"end":{"line":209,"column":71}},"type":"binary-expr","locations":[{"start":{"line":209,"column":8},"end":{"line":209,"column":41}},{"start":{"line":209,"column":45},"end":{"line":209,"column":71}}],"line":209},"18":{"loc":{"start":{"line":236,"column":2},"end":{"line":238,"column":3}},"type":"if","locations":[{"start":{"line":236,"column":2},"end":{"line":238,"column":3}},{"start":{},"end":{}}],"line":236}},"s":{"0":1,"1":1,"2":0,"3":0,"4":0,"5":0,"6":0,"7":0,"8":0,"9":0,"10":0,"11":0,"12":0,"13":0,"14":0,"15":0,"16":0,"17":0,"18":0,"19":0,"20":0,"21":0,"22":0,"23":0,"24":0,"25":0,"26":0,"27":0,"28":0,"29":0,"30":0,"31":0,"32":0,"33":0,"34":0,"35":0,"36":0,"37":1,"38":0,"39":0,"40":0,"41":0,"42":0,"43":0,"44":1,"45":0,"46":0,"47":0,"48":0,"49":0,"50":0,"51":0,"52":0,"53":0,"54":0,"55":0,"56":1,"57":0,"58":0,"59":0,"60":0,"61":0,"62":0,"63":0,"64":0,"65":0,"66":0,"67":0,"68":0,"69":1,"70":0,"71":0,"72":0,"73":0,"74":0,"75":0,"76":0,"77":0,"78":0,"79":1,"80":0,"81":0,"82":0,"83":0,"84":0,"85":0,"86":0,"87":0,"88":0,"89":0,"90":0},"f":{"0":0,"1":0,"2":0,"3":0,"4":0,"5":0,"6":0,"7":0,"8":0,"9":0},"b":{"0":[0,0],"1":[0,0],"2":[0,0],"3":[0,0],"4":[0,0],"5":[0,0],"6":[0,0],"7":[0,0],"8":[0,0],"9":[0,0,0],"10":[0,0],"11":[0,0],"12":[0,0],"13":[0,0],"14":[0,0],"15":[0,0],"16":[0,0],"17":[0,0],"18":[0,0]},"_coverageSchema":"1a1c01bbd47fc00a2c39e90264f33305004495a9","hash":"71feb3143148438e739867885fe32a8a49531ca3"}
,"C:\\Users\\USER\\Desktop\\9-Kaoratz-Mawaew\\backend\\controllers\\reviews.js": {"path":"C:\\Users\\USER\\Desktop\\9-Kaoratz-Mawaew\\backend\\controllers\\reviews.js","statementMap":{"0":{"start":{"line":1,"column":19},"end":{"line":1,"column":50}},"1":{"start":{"line":2,"column":20},"end":{"line":2,"column":52}},"2":{"start":{"line":3,"column":15},"end":{"line":3,"column":42}},"3":{"start":{"line":8,"column":0},"end":{"line":72,"column":2}},"4":{"start":{"line":10,"column":19},"end":{"line":10,"column":35}},"5":{"start":{"line":11,"column":23},"end":{"line":11,"column":65}},"6":{"start":{"line":13,"column":2},"end":{"line":13,"column":58}},"7":{"start":{"line":13,"column":34},"end":{"line":13,"column":56}},"8":{"start":{"line":15,"column":17},"end":{"line":15,"column":41}},"9":{"start":{"line":17,"column":2},"end":{"line":20,"column":4}},"10":{"start":{"line":19,"column":15},"end":{"line":19,"column":26}},"11":{"start":{"line":21,"column":2},"end":{"line":21,"column":44}},"12":{"start":{"line":23,"column":2},"end":{"line":52,"column":3}},"13":{"start":{"line":24,"column":19},"end":{"line":24,"column":43}},"14":{"start":{"line":26,"column":4},"end":{"line":26,"column":49}},"15":{"start":{"line":27,"column":9},"end":{"line":52,"column":3}},"16":{"start":{"line":28,"column":19},"end":{"line":28,"column":33}},"17":{"start":{"line":29,"column":4},"end":{"line":29,"column":41}},"18":{"start":{"line":32,"column":7},"end":{"line":52,"column":3}},"19":{"start":{"line":33,"column":4},"end":{"line":41,"column":9}},"20":{"start":{"line":43,"column":4},"end":{"line":51,"column":9}},"21":{"start":{"line":56,"column":2},"end":{"line":71,"column":3}},"22":{"start":{"line":57,"column":19},"end":{"line":57,"column":30}},"23":{"start":{"line":59,"column":4},"end":{"line":63,"column":7}},"24":{"start":{"line":65,"column":4},"end":{"line":68,"column":7}},"25":{"start":{"line":70,"column":4},"end":{"line":70,"column":21}},"26":{"start":{"line":77,"column":0},"end":{"line":109,"column":2}},"27":{"start":{"line":78,"column":2},"end":{"line":108,"column":3}},"28":{"start":{"line":79,"column":19},"end":{"line":87,"column":8}},"29":{"start":{"line":89,"column":4},"end":{"line":96,"column":5}},"30":{"start":{"line":90,"column":6},"end":{"line":95,"column":11}},"31":{"start":{"line":98,"column":4},"end":{"line":101,"column":7}},"32":{"start":{"line":103,"column":4},"end":{"line":103,"column":21}},"33":{"start":{"line":104,"column":4},"end":{"line":107,"column":7}},"34":{"start":{"line":114,"column":0},"end":{"line":163,"column":2}},"35":{"start":{"line":115,"column":2},"end":{"line":162,"column":3}},"36":{"start":{"line":116,"column":4},"end":{"line":116,"column":50}},"37":{"start":{"line":117,"column":23},"end":{"line":117,"column":73}},"38":{"start":{"line":118,"column":4},"end":{"line":118,"column":32}},"39":{"start":{"line":119,"column":4},"end":{"line":119,"column":34}},"40":{"start":{"line":120,"column":31},"end":{"line":124,"column":6}},"41":{"start":{"line":126,"column":4},"end":{"line":131,"column":5}},"42":{"start":{"line":127,"column":6},"end":{"line":130,"column":9}},"43":{"start":{"line":133,"column":4},"end":{"line":138,"column":5}},"44":{"start":{"line":134,"column":6},"end":{"line":137,"column":9}},"45":{"start":{"line":139,"column":4},"end":{"line":144,"column":5}},"46":{"start":{"line":140,"column":6},"end":{"line":143,"column":9}},"47":{"start":{"line":145,"column":4},"end":{"line":150,"column":5}},"48":{"start":{"line":146,"column":6},"end":{"line":149,"column":9}},"49":{"start":{"line":151,"column":19},"end":{"line":151,"column":48}},"50":{"start":{"line":153,"column":4},"end":{"line":156,"column":7}},"51":{"start":{"line":158,"column":4},"end":{"line":161,"column":7}},"52":{"start":{"line":168,"column":0},"end":{"line":202,"column":2}},"53":{"start":{"line":169,"column":2},"end":{"line":201,"column":3}},"54":{"start":{"line":170,"column":17},"end":{"line":170,"column":53}},"55":{"start":{"line":173,"column":4},"end":{"line":178,"column":5}},"56":{"start":{"line":174,"column":6},"end":{"line":177,"column":9}},"57":{"start":{"line":180,"column":4},"end":{"line":185,"column":5}},"58":{"start":{"line":181,"column":6},"end":{"line":184,"column":9}},"59":{"start":{"line":187,"column":4},"end":{"line":190,"column":7}},"60":{"start":{"line":191,"column":4},"end":{"line":194,"column":7}},"61":{"start":{"line":196,"column":4},"end":{"line":196,"column":21}},"62":{"start":{"line":197,"column":4},"end":{"line":200,"column":7}},"63":{"start":{"line":207,"column":0},"end":{"line":239,"column":2}},"64":{"start":{"line":208,"column":2},"end":{"line":238,"column":3}},"65":{"start":{"line":209,"column":19},"end":{"line":209,"column":55}},"66":{"start":{"line":211,"column":4},"end":{"line":216,"column":5}},"67":{"start":{"line":212,"column":6},"end":{"line":215,"column":9}},"68":{"start":{"line":218,"column":4},"end":{"line":223,"column":5}},"69":{"start":{"line":219,"column":6},"end":{"line":222,"column":9}},"70":{"start":{"line":225,"column":4},"end":{"line":225,"column":29}},"71":{"start":{"line":227,"column":4},"end":{"line":230,"column":7}},"72":{"start":{"line":232,"column":4},"end":{"line":235,"column":7}},"73":{"start":{"line":237,"column":4},"end":{"line":237,"column":21}},"74":{"start":{"line":241,"column":0},"end":{"line":270,"column":2}},"75":{"start":{"line":242,"column":2},"end":{"line":269,"column":3}},"76":{"start":{"line":243,"column":4},"end":{"line":268,"column":5}},"77":{"start":{"line":245,"column":26},"end":{"line":245,"column":73}},"78":{"start":{"line":248,"column":30},"end":{"line":251,"column":8}},"79":{"start":{"line":249,"column":24},"end":{"line":249,"column":73}},"80":{"start":{"line":250,"column":8},"end":{"line":250,"column":23}},"81":{"start":{"line":254,"column":25},"end":{"line":254,"column":59}},"82":{"start":{"line":255,"column":26},"end":{"line":255,"column":43}},"83":{"start":{"line":257,"column":6},"end":{"line":261,"column":9}},"84":{"start":{"line":263,"column":6},"end":{"line":263,"column":25}},"85":{"start":{"line":264,"column":6},"end":{"line":267,"column":9}}},"fnMap":{"0":{"name":"(anonymous_0)","decl":{"start":{"line":8,"column":21},"end":{"line":8,"column":22}},"loc":{"start":{"line":8,"column":47},"end":{"line":72,"column":1}},"line":8},"1":{"name":"(anonymous_1)","decl":{"start":{"line":13,"column":23},"end":{"line":13,"column":24}},"loc":{"start":{"line":13,"column":34},"end":{"line":13,"column":56}},"line":13},"2":{"name":"(anonymous_2)","decl":{"start":{"line":19,"column":4},"end":{"line":19,"column":5}},"loc":{"start":{"line":19,"column":15},"end":{"line":19,"column":26}},"line":19},"3":{"name":"(anonymous_3)","decl":{"start":{"line":77,"column":20},"end":{"line":77,"column":21}},"loc":{"start":{"line":77,"column":46},"end":{"line":109,"column":1}},"line":77},"4":{"name":"(anonymous_4)","decl":{"start":{"line":114,"column":23},"end":{"line":114,"column":24}},"loc":{"start":{"line":114,"column":49},"end":{"line":163,"column":1}},"line":114},"5":{"name":"(anonymous_5)","decl":{"start":{"line":168,"column":23},"end":{"line":168,"column":24}},"loc":{"start":{"line":168,"column":49},"end":{"line":202,"column":1}},"line":168},"6":{"name":"(anonymous_6)","decl":{"start":{"line":207,"column":23},"end":{"line":207,"column":24}},"loc":{"start":{"line":207,"column":49},"end":{"line":239,"column":1}},"line":207},"7":{"name":"(anonymous_7)","decl":{"start":{"line":241,"column":30},"end":{"line":241,"column":31}},"loc":{"start":{"line":241,"column":56},"end":{"line":270,"column":1}},"line":241},"8":{"name":"(anonymous_8)","decl":{"start":{"line":248,"column":46},"end":{"line":248,"column":47}},"loc":{"start":{"line":248,"column":68},"end":{"line":251,"column":7}},"line":248}},"branchMap":{"0":{"loc":{"start":{"line":23,"column":2},"end":{"line":52,"column":3}},"type":"if","locations":[{"start":{"line":23,"column":2},"end":{"line":52,"column":3}},{"start":{"line":27,"column":9},"end":{"line":52,"column":3}}],"line":23},"1":{"loc":{"start":{"line":27,"column":9},"end":{"line":52,"column":3}},"type":"if","locations":[{"start":{"line":27,"column":9},"end":{"line":52,"column":3}},{"start":{"line":32,"column":7},"end":{"line":52,"column":3}}],"line":27},"2":{"loc":{"start":{"line":32,"column":7},"end":{"line":52,"column":3}},"type":"if","locations":[{"start":{"line":32,"column":7},"end":{"line":52,"column":3}},{"start":{"line":42,"column":9},"end":{"line":52,"column":3}}],"line":32},"3":{"loc":{"start":{"line":89,"column":4},"end":{"line":96,"column":5}},"type":"if","locations":[{"start":{"line":89,"column":4},"end":{"line":96,"column":5}},{"start":{},"end":{}}],"line":89},"4":{"loc":{"start":{"line":126,"column":4},"end":{"line":131,"column":5}},"type":"if","locations":[{"start":{"line":126,"column":4},"end":{"line":131,"column":5}},{"start":{},"end":{}}],"line":126},"5":{"loc":{"start":{"line":126,"column":8},"end":{"line":126,"column":66}},"type":"binary-expr","locations":[{"start":{"line":126,"column":8},"end":{"line":126,"column":37}},{"start":{"line":126,"column":41},"end":{"line":126,"column":66}}],"line":126},"6":{"loc":{"start":{"line":133,"column":4},"end":{"line":138,"column":5}},"type":"if","locations":[{"start":{"line":133,"column":4},"end":{"line":138,"column":5}},{"start":{},"end":{}}],"line":133},"7":{"loc":{"start":{"line":139,"column":4},"end":{"line":144,"column":5}},"type":"if","locations":[{"start":{"line":139,"column":4},"end":{"line":144,"column":5}},{"start":{},"end":{}}],"line":139},"8":{"loc":{"start":{"line":145,"column":4},"end":{"line":150,"column":5}},"type":"if","locations":[{"start":{"line":145,"column":4},"end":{"line":150,"column":5}},{"start":{},"end":{}}],"line":145},"9":{"loc":{"start":{"line":173,"column":4},"end":{"line":178,"column":5}},"type":"if","locations":[{"start":{"line":173,"column":4},"end":{"line":178,"column":5}},{"start":{},"end":{}}],"line":173},"10":{"loc":{"start":{"line":173,"column":8},"end":{"line":173,"column":75}},"type":"binary-expr","locations":[{"start":{"line":173,"column":8},"end":{"line":173,"column":46}},{"start":{"line":173,"column":50},"end":{"line":173,"column":75}}],"line":173},"11":{"loc":{"start":{"line":180,"column":4},"end":{"line":185,"column":5}},"type":"if","locations":[{"start":{"line":180,"column":4},"end":{"line":185,"column":5}},{"start":{},"end":{}}],"line":180},"12":{"loc":{"start":{"line":211,"column":4},"end":{"line":216,"column":5}},"type":"if","locations":[{"start":{"line":211,"column":4},"end":{"line":216,"column":5}},{"start":{},"end":{}}],"line":211},"13":{"loc":{"start":{"line":211,"column":8},"end":{"line":211,"column":75}},"type":"binary-expr","locations":[{"start":{"line":211,"column":8},"end":{"line":211,"column":46}},{"start":{"line":211,"column":50},"end":{"line":211,"column":75}}],"line":211},"14":{"loc":{"start":{"line":218,"column":4},"end":{"line":223,"column":5}},"type":"if","locations":[{"start":{"line":218,"column":4},"end":{"line":223,"column":5}},{"start":{},"end":{}}],"line":218},"15":{"loc":{"start":{"line":242,"column":2},"end":{"line":269,"column":3}},"type":"if","locations":[{"start":{"line":242,"column":2},"end":{"line":269,"column":3}},{"start":{},"end":{}}],"line":242},"16":{"loc":{"start":{"line":242,"column":6},"end":{"line":242,"column":60}},"type":"binary-expr","locations":[{"start":{"line":242,"column":6},"end":{"line":242,"column":32}},{"start":{"line":242,"column":36},"end":{"line":242,"column":60}}],"line":242}},"s":{"0":1,"1":1,"2":1,"3":1,"4":0,"5":0,"6":0,"7":0,"8":0,"9":0,"10":0,"11":0,"12":0,"13":0,"14":0,"15":0,"16":0,"17":0,"18":0,"19":0,"20":0,"21":0,"22":0,"23":0,"24":0,"25":0,"26":1,"27":0,"28":0,"29":0,"30":0,"31":0,"32":0,"33":0,"34":1,"35":0,"36":0,"37":0,"38":0,"39":0,"40":0,"41":0,"42":0,"43":0,"44":0,"45":0,"46":0,"47":0,"48":0,"49":0,"50":0,"51":0,"52":1,"53":0,"54":0,"55":0,"56":0,"57":0,"58":0,"59":0,"60":0,"61":0,"62":0,"63":1,"64":0,"65":0,"66":0,"67":0,"68":0,"69":0,"70":0,"71":0,"72":0,"73":0,"74":1,"75":0,"76":0,"77":0,"78":0,"79":0,"80":0,"81":0,"82":0,"83":0,"84":0,"85":0},"f":{"0":0,"1":0,"2":0,"3":0,"4":0,"5":0,"6":0,"7":0,"8":0},"b":{"0":[0,0],"1":[0,0],"2":[0,0],"3":[0,0],"4":[0,0],"5":[0,0],"6":[0,0],"7":[0,0],"8":[0,0],"9":[0,0],"10":[0,0],"11":[0,0],"12":[0,0],"13":[0,0],"14":[0,0],"15":[0,0],"16":[0,0]},"_coverageSchema":"1a1c01bbd47fc00a2c39e90264f33305004495a9","hash":"1df471f3731f0df70725a140a16c949a49809688"}
,"C:\\Users\\USER\\Desktop\\9-Kaoratz-Mawaew\\backend\\middleware\\auth.js": {"path":"C:\\Users\\USER\\Desktop\\9-Kaoratz-Mawaew\\backend\\middleware\\auth.js","statementMap":{"0":{"start":{"line":1,"column":12},"end":{"line":1,"column":35}},"1":{"start":{"line":2,"column":13},"end":{"line":2,"column":38}},"2":{"start":{"line":5,"column":0},"end":{"line":36,"column":2}},"3":{"start":{"line":8,"column":2},"end":{"line":13,"column":3}},"4":{"start":{"line":12,"column":4},"end":{"line":12,"column":52}},"5":{"start":{"line":15,"column":2},"end":{"line":20,"column":3}},"6":{"start":{"line":16,"column":4},"end":{"line":19,"column":7}},"7":{"start":{"line":22,"column":2},"end":{"line":35,"column":3}},"8":{"start":{"line":24,"column":20},"end":{"line":24,"column":61}},"9":{"start":{"line":26,"column":4},"end":{"line":26,"column":47}},"10":{"start":{"line":28,"column":4},"end":{"line":28,"column":11}},"11":{"start":{"line":30,"column":4},"end":{"line":30,"column":27}},"12":{"start":{"line":31,"column":4},"end":{"line":34,"column":7}},"13":{"start":{"line":38,"column":0},"end":{"line":49,"column":2}},"14":{"start":{"line":39,"column":2},"end":{"line":48,"column":4}},"15":{"start":{"line":40,"column":4},"end":{"line":45,"column":5}},"16":{"start":{"line":41,"column":6},"end":{"line":44,"column":9}},"17":{"start":{"line":47,"column":4},"end":{"line":47,"column":11}}},"fnMap":{"0":{"name":"(anonymous_0)","decl":{"start":{"line":5,"column":18},"end":{"line":5,"column":19}},"loc":{"start":{"line":5,"column":44},"end":{"line":36,"column":1}},"line":5},"1":{"name":"(anonymous_1)","decl":{"start":{"line":38,"column":20},"end":{"line":38,"column":21}},"loc":{"start":{"line":38,"column":34},"end":{"line":49,"column":1}},"line":38},"2":{"name":"(anonymous_2)","decl":{"start":{"line":39,"column":9},"end":{"line":39,"column":10}},"loc":{"start":{"line":39,"column":29},"end":{"line":48,"column":3}},"line":39}},"branchMap":{"0":{"loc":{"start":{"line":8,"column":2},"end":{"line":13,"column":3}},"type":"if","locations":[{"start":{"line":8,"column":2},"end":{"line":13,"column":3}},{"start":{},"end":{}}],"line":8},"1":{"loc":{"start":{"line":9,"column":4},"end":{"line":10,"column":50}},"type":"binary-expr","locations":[{"start":{"line":9,"column":4},"end":{"line":9,"column":29}},{"start":{"line":10,"column":4},"end":{"line":10,"column":50}}],"line":9},"2":{"loc":{"start":{"line":15,"column":2},"end":{"line":20,"column":3}},"type":"if","locations":[{"start":{"line":15,"column":2},"end":{"line":20,"column":3}},{"start":{},"end":{}}],"line":15},"3":{"loc":{"start":{"line":15,"column":6},"end":{"line":15,"column":31}},"type":"binary-expr","locations":[{"start":{"line":15,"column":6},"end":{"line":15,"column":12}},{"start":{"line":15,"column":16},"end":{"line":15,"column":31}}],"line":15},"4":{"loc":{"start":{"line":40,"column":4},"end":{"line":45,"column":5}},"type":"if","locations":[{"start":{"line":40,"column":4},"end":{"line":45,"column":5}},{"start":{},"end":{}}],"line":40}},"s":{"0":1,"1":1,"2":1,"3":0,"4":0,"5":0,"6":0,"7":0,"8":0,"9":0,"10":0,"11":0,"12":0,"13":1,"14":19,"15":0,"16":0,"17":0},"f":{"0":0,"1":19,"2":0},"b":{"0":[0,0],"1":[0,0],"2":[0,0],"3":[0,0],"4":[0,0]},"_coverageSchema":"1a1c01bbd47fc00a2c39e90264f33305004495a9","hash":"daf1748f59b1fd08a5fd1c3281c7a9738f6b7397"}
,"C:\\Users\\USER\\Desktop\\9-Kaoratz-Mawaew\\backend\\models\\Payment.js": {"path":"C:\\Users\\USER\\Desktop\\9-Kaoratz-Mawaew\\backend\\models\\Payment.js","statementMap":{"0":{"start":{"line":1,"column":17},"end":{"line":1,"column":36}},"1":{"start":{"line":3,"column":22},"end":{"line":23,"column":2}},"2":{"start":{"line":25,"column":0},"end":{"line":25,"column":58}}},"fnMap":{},"branchMap":{},"s":{"0":1,"1":1,"2":1},"f":{},"b":{},"_coverageSchema":"1a1c01bbd47fc00a2c39e90264f33305004495a9","hash":"4831d5120b82ec2ab4e0ae5593f78e74d1e996a4"}
,"C:\\Users\\USER\\Desktop\\9-Kaoratz-Mawaew\\backend\\models\\Reservation.js": {"path":"C:\\Users\\USER\\Desktop\\9-Kaoratz-Mawaew\\backend\\models\\Reservation.js","statementMap":{"0":{"start":{"line":1,"column":17},"end":{"line":1,"column":36}},"1":{"start":{"line":3,"column":26},"end":{"line":26,"column":2}},"2":{"start":{"line":28,"column":0},"end":{"line":33,"column":3}},"3":{"start":{"line":29,"column":2},"end":{"line":31,"column":3}},"4":{"start":{"line":30,"column":4},"end":{"line":30,"column":26}},"5":{"start":{"line":32,"column":2},"end":{"line":32,"column":9}},"6":{"start":{"line":35,"column":0},"end":{"line":35,"column":66}}},"fnMap":{"0":{"name":"(anonymous_0)","decl":{"start":{"line":28,"column":30},"end":{"line":28,"column":31}},"loc":{"start":{"line":28,"column":46},"end":{"line":33,"column":1}},"line":28}},"branchMap":{"0":{"loc":{"start":{"line":29,"column":2},"end":{"line":31,"column":3}},"type":"if","locations":[{"start":{"line":29,"column":2},"end":{"line":31,"column":3}},{"start":{},"end":{}}],"line":29}},"s":{"0":1,"1":1,"2":1,"3":0,"4":0,"5":0,"6":1},"f":{"0":0},"b":{"0":[0,0]},"_coverageSchema":"1a1c01bbd47fc00a2c39e90264f33305004495a9","hash":"7b1c99b2e0dfa3dbad0389bf5fd70c2b5718d678"}
,"C:\\Users\\USER\\Desktop\\9-Kaoratz-Mawaew\\backend\\models\\Restaurant.js": {"path":"C:\\Users\\USER\\Desktop\\9-Kaoratz-Mawaew\\backend\\models\\Restaurant.js","statementMap":{"0":{"start":{"line":1,"column":17},"end":{"line":1,"column":36}},"1":{"start":{"line":3,"column":25},"end":{"line":79,"column":1}},"2":{"start":{"line":81,"column":0},"end":{"line":84,"column":2}},"3":{"start":{"line":87,"column":0},"end":{"line":95,"column":2}},"4":{"start":{"line":91,"column":4},"end":{"line":91,"column":73}},"5":{"start":{"line":92,"column":4},"end":{"line":92,"column":73}},"6":{"start":{"line":93,"column":4},"end":{"line":93,"column":11}},"7":{"start":{"line":97,"column":0},"end":{"line":97,"column":64}}},"fnMap":{"0":{"name":"(anonymous_0)","decl":{"start":{"line":90,"column":2},"end":{"line":90,"column":3}},"loc":{"start":{"line":90,"column":24},"end":{"line":94,"column":3}},"line":90}},"branchMap":{},"s":{"0":1,"1":1,"2":1,"3":1,"4":0,"5":0,"6":0,"7":1},"f":{"0":0},"b":{},"_coverageSchema":"1a1c01bbd47fc00a2c39e90264f33305004495a9","hash":"4eb69a6e072ea6d3cd6e48a99e258c42fd43000c"}
,"C:\\Users\\USER\\Desktop\\9-Kaoratz-Mawaew\\backend\\models\\Review.js": {"path":"C:\\Users\\USER\\Desktop\\9-Kaoratz-Mawaew\\backend\\models\\Review.js","statementMap":{"0":{"start":{"line":1,"column":17},"end":{"line":1,"column":36}},"1":{"start":{"line":3,"column":21},"end":{"line":29,"column":2}},"2":{"start":{"line":31,"column":0},"end":{"line":31,"column":56}}},"fnMap":{},"branchMap":{},"s":{"0":1,"1":1,"2":1},"f":{},"b":{},"_coverageSchema":"1a1c01bbd47fc00a2c39e90264f33305004495a9","hash":"c998d5e4ece1b7487b002b10bd27fbaf051a94f6"}
,"C:\\Users\\USER\\Desktop\\9-Kaoratz-Mawaew\\backend\\models\\User.js": {"path":"C:\\Users\\USER\\Desktop\\9-Kaoratz-Mawaew\\backend\\models\\User.js","statementMap":{"0":{"start":{"line":1,"column":17},"end":{"line":1,"column":36}},"1":{"start":{"line":2,"column":15},"end":{"line":2,"column":34}},"2":{"start":{"line":3,"column":12},"end":{"line":3,"column":35}},"3":{"start":{"line":5,"column":19},"end":{"line":41,"column":2}},"4":{"start":{"line":44,"column":0},"end":{"line":47,"column":3}},"5":{"start":{"line":45,"column":15},"end":{"line":45,"column":39}},"6":{"start":{"line":46,"column":2},"end":{"line":46,"column":57}},"7":{"start":{"line":50,"column":0},"end":{"line":54,"column":2}},"8":{"start":{"line":51,"column":2},"end":{"line":53,"column":5}},"9":{"start":{"line":57,"column":0},"end":{"line":59,"column":2}},"10":{"start":{"line":58,"column":2},"end":{"line":58,"column":62}},"11":{"start":{"line":61,"column":0},"end":{"line":61,"column":52}}},"fnMap":{"0":{"name":"(anonymous_0)","decl":{"start":{"line":44,"column":23},"end":{"line":44,"column":24}},"loc":{"start":{"line":44,"column":45},"end":{"line":47,"column":1}},"line":44},"1":{"name":"(anonymous_1)","decl":{"start":{"line":50,"column":39},"end":{"line":50,"column":40}},"loc":{"start":{"line":50,"column":51},"end":{"line":54,"column":1}},"line":50},"2":{"name":"(anonymous_2)","decl":{"start":{"line":57,"column":35},"end":{"line":57,"column":36}},"loc":{"start":{"line":57,"column":68},"end":{"line":59,"column":1}},"line":57}},"branchMap":{},"s":{"0":1,"1":1,"2":1,"3":1,"4":1,"5":0,"6":0,"7":1,"8":0,"9":1,"10":0,"11":1},"f":{"0":0,"1":0,"2":0},"b":{},"_coverageSchema":"1a1c01bbd47fc00a2c39e90264f33305004495a9","hash":"6b9cfaec8bd0866e6ede3daeec1887012e86a4c1"}
,"C:\\Users\\USER\\Desktop\\9-Kaoratz-Mawaew\\backend\\routes\\auth.js": {"path":"C:\\Users\\USER\\Desktop\\9-Kaoratz-Mawaew\\backend\\routes\\auth.js","statementMap":{"0":{"start":{"line":1,"column":16},"end":{"line":1,"column":34}},"1":{"start":{"line":2,"column":51},"end":{"line":2,"column":81}},"2":{"start":{"line":4,"column":15},"end":{"line":4,"column":31}},"3":{"start":{"line":6,"column":20},"end":{"line":6,"column":49}},"4":{"start":{"line":8,"column":0},"end":{"line":8,"column":35}},"5":{"start":{"line":9,"column":0},"end":{"line":9,"column":29}},"6":{"start":{"line":10,"column":0},"end":{"line":10,"column":34}},"7":{"start":{"line":11,"column":0},"end":{"line":11,"column":30}},"8":{"start":{"line":12,"column":0},"end":{"line":12,"column":39}},"9":{"start":{"line":14,"column":0},"end":{"line":14,"column":24}}},"fnMap":{},"branchMap":{},"s":{"0":1,"1":1,"2":1,"3":1,"4":1,"5":1,"6":1,"7":1,"8":1,"9":1},"f":{},"b":{},"_coverageSchema":"1a1c01bbd47fc00a2c39e90264f33305004495a9","hash":"0e3441ee36e126a92f1169218053a319dd2c37b7"}
,"C:\\Users\\USER\\Desktop\\9-Kaoratz-Mawaew\\backend\\routes\\payments.js": {"path":"C:\\Users\\USER\\Desktop\\9-Kaoratz-Mawaew\\backend\\routes\\payments.js","statementMap":{"0":{"start":{"line":1,"column":16},"end":{"line":1,"column":34}},"1":{"start":{"line":9,"column":4},"end":{"line":9,"column":38}},"2":{"start":{"line":11,"column":15},"end":{"line":11,"column":52}},"3":{"start":{"line":13,"column":31},"end":{"line":13,"column":60}},"4":{"start":{"line":14,"column":0},"end":{"line":17,"column":52}},"5":{"start":{"line":18,"column":0},"end":{"line":22,"column":54}},"6":{"start":{"line":24,"column":0},"end":{"line":24,"column":24}}},"fnMap":{},"branchMap":{},"s":{"0":1,"1":1,"2":1,"3":1,"4":1,"5":1,"6":1},"f":{},"b":{},"_coverageSchema":"1a1c01bbd47fc00a2c39e90264f33305004495a9","hash":"f9c893c75bc4be5f6cd5378688bacce47f2e5604"}
,"C:\\Users\\USER\\Desktop\\9-Kaoratz-Mawaew\\backend\\routes\\reservations.js": {"path":"C:\\Users\\USER\\Desktop\\9-Kaoratz-Mawaew\\backend\\routes\\reservations.js","statementMap":{"0":{"start":{"line":1,"column":16},"end":{"line":1,"column":34}},"1":{"start":{"line":11,"column":4},"end":{"line":11,"column":42}},"2":{"start":{"line":13,"column":23},"end":{"line":13,"column":44}},"3":{"start":{"line":14,"column":15},"end":{"line":14,"column":52}},"4":{"start":{"line":16,"column":31},"end":{"line":16,"column":60}},"5":{"start":{"line":17,"column":0},"end":{"line":17,"column":56}},"6":{"start":{"line":20,"column":0},"end":{"line":23,"column":75}},"7":{"start":{"line":24,"column":0},"end":{"line":24,"column":102}},"8":{"start":{"line":25,"column":0},"end":{"line":29,"column":77}},"9":{"start":{"line":30,"column":0},"end":{"line":32,"column":30}},"10":{"start":{"line":34,"column":0},"end":{"line":34,"column":24}}},"fnMap":{},"branchMap":{},"s":{"0":1,"1":1,"2":1,"3":1,"4":1,"5":1,"6":1,"7":1,"8":1,"9":1,"10":1},"f":{},"b":{},"_coverageSchema":"1a1c01bbd47fc00a2c39e90264f33305004495a9","hash":"36568c224966d5582dbec9172d419988765a17d5"}
,"C:\\Users\\USER\\Desktop\\9-Kaoratz-Mawaew\\backend\\routes\\restaurants.js": {"path":"C:\\Users\\USER\\Desktop\\9-Kaoratz-Mawaew\\backend\\routes\\restaurants.js","statementMap":{"0":{"start":{"line":1,"column":16},"end":{"line":1,"column":34}},"1":{"start":{"line":9,"column":4},"end":{"line":9,"column":41}},"2":{"start":{"line":12,"column":26},"end":{"line":12,"column":51}},"3":{"start":{"line":13,"column":21},"end":{"line":13,"column":41}},"4":{"start":{"line":15,"column":15},"end":{"line":15,"column":31}},"5":{"start":{"line":16,"column":31},"end":{"line":16,"column":60}},"6":{"start":{"line":19,"column":0},"end":{"line":19,"column":61}},"7":{"start":{"line":20,"column":0},"end":{"line":20,"column":51}},"8":{"start":{"line":22,"column":0},"end":{"line":25,"column":66}},"9":{"start":{"line":26,"column":0},"end":{"line":30,"column":68}},"10":{"start":{"line":31,"column":0},"end":{"line":31,"column":46}},"11":{"start":{"line":33,"column":0},"end":{"line":33,"column":24}}},"fnMap":{},"branchMap":{},"s":{"0":1,"1":1,"2":1,"3":1,"4":1,"5":1,"6":1,"7":1,"8":1,"9":1,"10":1,"11":1},"f":{},"b":{},"_coverageSchema":"1a1c01bbd47fc00a2c39e90264f33305004495a9","hash":"2afd1cbb251ed5ac4059c48888bb46cf55ce7497"}
,"C:\\Users\\USER\\Desktop\\9-Kaoratz-Mawaew\\backend\\routes\\reviews.js": {"path":"C:\\Users\\USER\\Desktop\\9-Kaoratz-Mawaew\\backend\\routes\\reviews.js","statementMap":{"0":{"start":{"line":1,"column":16},"end":{"line":1,"column":34}},"1":{"start":{"line":10,"column":4},"end":{"line":10,"column":37}},"2":{"start":{"line":12,"column":23},"end":{"line":12,"column":44}},"3":{"start":{"line":13,"column":15},"end":{"line":13,"column":52}},"4":{"start":{"line":15,"column":31},"end":{"line":15,"column":60}},"5":{"start":{"line":16,"column":0},"end":{"line":16,"column":56}},"6":{"start":{"line":18,"column":0},"end":{"line":18,"column":92}},"7":{"start":{"line":19,"column":0},"end":{"line":22,"column":59}},"8":{"start":{"line":23,"column":0},"end":{"line":27,"column":61}},"9":{"start":{"line":30,"column":0},"end":{"line":30,"column":24}}},"fnMap":{},"branchMap":{},"s":{"0":1,"1":1,"2":1,"3":1,"4":1,"5":1,"6":1,"7":1,"8":1,"9":1},"f":{},"b":{},"_coverageSchema":"1a1c01bbd47fc00a2c39e90264f33305004495a9","hash":"18f80f3a483c0ccebfab1bf26ca17afb1b9d5c7e"}
}
