TN:
SF:server.js
FN:83,(anonymous_0)
FN:86,(anonymous_1)
FNF:2
FNH:0
FNDA:0,(anonymous_0)
FNDA:0,(anonymous_1)
DA:1,1
DA:2,1
DA:3,1
DA:4,1
DA:5,1
DA:6,1
DA:7,1
DA:8,1
DA:9,1
DA:10,1
DA:11,1
DA:12,1
DA:15,1
DA:17,1
DA:18,1
DA:19,1
DA:20,1
DA:21,1
DA:23,1
DA:29,1
DA:31,1
DA:33,1
DA:34,1
DA:35,1
DA:36,1
DA:37,1
DA:38,1
DA:39,1
DA:40,1
DA:42,1
DA:43,1
DA:44,1
DA:45,1
DA:46,1
DA:48,1
DA:64,1
DA:65,1
DA:70,1
DA:71,1
DA:83,1
DA:84,0
DA:86,0
LF:42
LH:40
BRDA:70,0,0,1
BRDA:70,0,1,0
BRF:2
BRH:1
end_of_record
TN:
SF:config\db.js
FN:17,(anonymous_0)
FN:25,(anonymous_1)
FN:32,(anonymous_2)
FN:43,generateRandomMessage
FNF:4
FNH:2
FNDA:1,(anonymous_0)
FNDA:0,(anonymous_1)
FNDA:0,(anonymous_2)
FNDA:1,generateRandomMessage
DA:1,1
DA:2,1
DA:4,1
DA:17,1
DA:18,1
DA:19,1
DA:21,1
DA:25,1
DA:26,0
DA:27,0
DA:29,0
DA:32,1
DA:33,0
DA:34,0
DA:36,0
DA:40,1
DA:44,1
DA:45,1
DA:48,1
LF:19
LH:13
BRDA:26,0,0,0
BRDA:26,0,1,0
BRDA:26,1,0,0
BRDA:26,1,1,0
BRF:4
BRH:0
end_of_record
TN:
SF:controllers\auth.js
FN:3,(anonymous_0)
FN:24,(anonymous_1)
FN:59,(anonymous_2)
FN:79,(anonymous_3)
FN:90,(anonymous_4)
FN:98,(anonymous_5)
FNF:6
FNH:0
FNDA:0,(anonymous_0)
FNDA:0,(anonymous_1)
FNDA:0,(anonymous_2)
FNDA:0,(anonymous_3)
FNDA:0,(anonymous_4)
FNDA:0,(anonymous_5)
DA:1,1
DA:3,1
DA:4,0
DA:5,0
DA:7,0
DA:15,0
DA:17,0
DA:20,0
DA:24,1
DA:25,0
DA:26,0
DA:28,0
DA:29,0
DA:34,0
DA:35,0
DA:36,0
DA:41,0
DA:43,0
DA:44,0
DA:50,0
DA:52,0
DA:59,1
DA:60,0
DA:62,0
DA:69,0
DA:70,0
DA:73,0
DA:79,1
DA:80,0
DA:84,0
DA:90,1
DA:91,0
DA:92,0
DA:98,1
DA:99,0
DA:104,0
LF:36
LH:7
BRDA:28,0,0,0
BRDA:28,0,1,0
BRDA:28,1,0,0
BRDA:28,1,1,0
BRDA:35,2,0,0
BRDA:35,2,1,0
BRDA:43,3,0,0
BRDA:43,3,1,0
BRDA:69,4,0,0
BRDA:69,4,1,0
BRF:10
BRH:0
end_of_record
TN:
SF:controllers\payments.js
FN:7,(anonymous_0)
FN:37,(anonymous_1)
FN:64,(anonymous_2)
FN:108,(anonymous_3)
FN:142,(anonymous_4)
FNF:5
FNH:0
FNDA:0,(anonymous_0)
FNDA:0,(anonymous_1)
FNDA:0,(anonymous_2)
FNDA:0,(anonymous_3)
FNDA:0,(anonymous_4)
DA:1,1
DA:2,1
DA:7,1
DA:10,0
DA:12,0
DA:15,0
DA:18,0
DA:19,0
DA:21,0
DA:27,0
DA:37,1
DA:38,0
DA:39,0
DA:41,0
DA:42,0
DA:48,0
DA:53,0
DA:54,0
DA:64,1
DA:65,0
DA:66,0
DA:69,0
DA:70,0
DA:77,0
DA:78,0
DA:79,0
DA:86,0
DA:92,0
DA:97,0
DA:98,0
DA:108,1
DA:109,0
DA:110,0
DA:112,0
DA:113,0
DA:121,0
DA:126,0
DA:131,0
DA:132,0
DA:142,1
DA:143,0
DA:144,0
DA:146,0
DA:147,0
DA:155,0
DA:157,0
DA:162,0
DA:163,0
LF:48
LH:7
BRDA:10,0,0,0
BRDA:10,0,1,0
BRDA:41,1,0,0
BRDA:41,1,1,0
BRDA:69,2,0,0
BRDA:69,2,1,0
BRDA:78,3,0,0
BRDA:78,3,1,0
BRDA:112,4,0,0
BRDA:112,4,1,0
BRDA:146,5,0,0
BRDA:146,5,1,0
BRF:12
BRH:0
end_of_record
TN:
SF:controllers\reservations.js
FN:7,(anonymous_0)
FN:67,(anonymous_1)
FN:103,(anonymous_2)
FN:197,(anonymous_3)
FN:386,(anonymous_4)
FN:426,(anonymous_5)
FN:443,(anonymous_6)
FN:448,(anonymous_7)
FN:453,(anonymous_8)
FN:454,(anonymous_9)
FN:493,(anonymous_10)
FNF:11
FNH:5
FNDA:0,(anonymous_0)
FNDA:0,(anonymous_1)
FNDA:0,(anonymous_2)
FNDA:0,(anonymous_3)
FNDA:0,(anonymous_4)
FNDA:2,(anonymous_5)
FNDA:1,(anonymous_6)
FNDA:24,(anonymous_7)
FNDA:48,(anonymous_8)
FNDA:24,(anonymous_9)
FNDA:0,(anonymous_10)
DA:1,1
DA:2,1
DA:7,1
DA:10,0
DA:12,0
DA:23,0
DA:24,0
DA:34,0
DA:46,0
DA:47,0
DA:49,0
DA:55,0
DA:60,0
DA:67,1
DA:68,0
DA:69,0
DA:74,0
DA:75,0
DA:80,0
DA:81,0
DA:87,0
DA:92,0
DA:93,0
DA:103,1
DA:104,0
DA:105,0
DA:106,0
DA:107,0
DA:108,0
DA:113,0
DA:114,0
DA:120,0
DA:121,0
DA:127,0
DA:128,0
DA:129,0
DA:130,0
DA:133,0
DA:134,0
DA:136,0
DA:137,0
DA:139,0
DA:140,0
DA:141,0
DA:142,0
DA:144,0
DA:146,0
DA:147,0
DA:153,0
DA:159,0
DA:163,0
DA:169,0
DA:173,0
DA:180,0
DA:182,0
DA:187,0
DA:197,1
DA:198,0
DA:199,0
DA:202,0
DA:206,0
DA:212,0
DA:213,0
DA:220,0
DA:221,0
DA:222,0
DA:223,0
DA:224,0
DA:225,0
DA:228,0
DA:229,0
DA:231,0
DA:232,0
DA:234,0
DA:235,0
DA:236,0
DA:237,0
DA:239,0
DA:240,0
DA:241,0
DA:242,0
DA:244,0
DA:245,0
DA:251,0
DA:257,0
DA:261,0
DA:266,0
DA:270,0
DA:278,0
DA:279,0
DA:285,0
DA:291,0
DA:295,0
DA:301,0
DA:305,0
DA:314,0
DA:315,0
DA:317,0
DA:318,0
DA:319,0
DA:320,0
DA:322,0
DA:323,0
DA:325,0
DA:326,0
DA:328,0
DA:329,0
DA:330,0
DA:332,0
DA:333,0
DA:339,0
DA:345,0
DA:349,0
DA:354,0
DA:358,0
DA:366,0
DA:370,0
DA:375,0
DA:376,0
DA:386,1
DA:387,0
DA:388,0
DA:390,0
DA:394,0
DA:400,0
DA:401,0
DA:407,0
DA:409,0
DA:414,0
DA:419,0
DA:426,1
DA:429,2
DA:430,2
DA:440,2
DA:443,2
DA:444,2
DA:446,2
DA:447,48
DA:448,48
DA:449,48
DA:453,2
DA:454,48
DA:455,48
DA:456,48
DA:460,2
DA:461,2
DA:462,2
DA:463,48
DA:464,48
DA:465,144
DA:467,48
DA:468,48
DA:469,48
DA:472,2
DA:481,0
DA:486,0
DA:493,1
DA:496,0
DA:506,0
DA:507,0
DA:509,0
DA:515,0
DA:520,0
LF:163
LH:32
BRDA:10,0,0,0
BRDA:10,0,1,0
BRDA:23,1,0,0
BRDA:23,1,1,0
BRDA:74,2,0,0
BRDA:74,2,1,0
BRDA:80,3,0,0
BRDA:80,3,1,0
BRDA:80,4,0,0
BRDA:80,4,1,0
BRDA:113,5,0,0
BRDA:113,5,1,0
BRDA:113,6,0,0
BRDA:113,6,1,0
BRDA:120,7,0,0
BRDA:120,7,1,0
BRDA:146,8,0,0
BRDA:146,8,1,0
BRDA:147,9,0,0
BRDA:147,9,1,0
BRDA:148,10,0,0
BRDA:148,10,1,0
BRDA:148,10,2,0
BRDA:148,10,3,0
BRDA:148,10,4,0
BRDA:148,10,5,0
BRDA:159,11,0,0
BRDA:159,11,1,0
BRDA:160,12,0,0
BRDA:160,12,1,0
BRDA:160,12,2,0
BRDA:169,13,0,0
BRDA:169,13,1,0
BRDA:170,14,0,0
BRDA:170,14,1,0
BRDA:170,14,2,0
BRDA:202,15,0,0
BRDA:202,15,1,0
BRDA:203,16,0,0
BRDA:203,16,1,0
BRDA:212,17,0,0
BRDA:212,17,1,0
BRDA:220,18,0,0
BRDA:220,18,1,0
BRDA:240,19,0,0
BRDA:240,19,1,0
BRDA:244,20,0,0
BRDA:244,20,1,0
BRDA:245,21,0,0
BRDA:245,21,1,0
BRDA:246,22,0,0
BRDA:246,22,1,0
BRDA:246,22,2,0
BRDA:246,22,3,0
BRDA:246,22,4,0
BRDA:246,22,5,0
BRDA:257,23,0,0
BRDA:257,23,1,0
BRDA:258,24,0,0
BRDA:258,24,1,0
BRDA:258,24,2,0
BRDA:266,25,0,0
BRDA:266,25,1,0
BRDA:267,26,0,0
BRDA:267,26,1,0
BRDA:267,26,2,0
BRDA:278,27,0,0
BRDA:278,27,1,0
BRDA:279,28,0,0
BRDA:279,28,1,0
BRDA:280,29,0,0
BRDA:280,29,1,0
BRDA:280,29,2,0
BRDA:280,29,3,0
BRDA:280,29,4,0
BRDA:280,29,5,0
BRDA:291,30,0,0
BRDA:291,30,1,0
BRDA:292,31,0,0
BRDA:292,31,1,0
BRDA:292,31,2,0
BRDA:301,32,0,0
BRDA:301,32,1,0
BRDA:302,33,0,0
BRDA:302,33,1,0
BRDA:302,33,2,0
BRDA:314,34,0,0
BRDA:314,34,1,0
BRDA:332,35,0,0
BRDA:332,35,1,0
BRDA:333,36,0,0
BRDA:333,36,1,0
BRDA:334,37,0,0
BRDA:334,37,1,0
BRDA:334,37,2,0
BRDA:334,37,3,0
BRDA:334,37,4,0
BRDA:334,37,5,0
BRDA:345,38,0,0
BRDA:345,38,1,0
BRDA:346,39,0,0
BRDA:346,39,1,0
BRDA:346,39,2,0
BRDA:354,40,0,0
BRDA:354,40,1,0
BRDA:355,41,0,0
BRDA:355,41,1,0
BRDA:355,41,2,0
BRDA:390,42,0,0
BRDA:390,42,1,0
BRDA:391,43,0,0
BRDA:391,43,1,0
BRDA:400,44,0,0
BRDA:400,44,1,0
BRDA:447,45,0,20
BRDA:447,45,1,28
BRDA:455,46,0,1
BRDA:455,46,1,47
BRF:118
BRH:4
end_of_record
TN:
SF:controllers\restaurants.js
FN:6,(anonymous_0)
FN:12,(anonymous_1)
FN:18,(anonymous_2)
FN:92,(anonymous_3)
FN:123,(anonymous_4)
FN:158,(anonymous_5)
FN:199,(anonymous_6)
FN:233,(anonymous_7)
FN:243,(anonymous_8)
FN:247,(anonymous_9)
FNF:10
FNH:0
FNDA:0,(anonymous_0)
FNDA:0,(anonymous_1)
FNDA:0,(anonymous_2)
FNDA:0,(anonymous_3)
FNDA:0,(anonymous_4)
FNDA:0,(anonymous_5)
FNDA:0,(anonymous_6)
FNDA:0,(anonymous_7)
FNDA:0,(anonymous_8)
FNDA:0,(anonymous_9)
DA:1,1
DA:6,1
DA:9,0
DA:10,0
DA:12,0
DA:14,0
DA:16,0
DA:18,0
DA:20,0
DA:22,0
DA:23,0
DA:24,0
DA:25,0
DA:28,0
DA:29,0
DA:31,0
DA:33,0
DA:36,0
DA:37,0
DA:38,0
DA:39,0
DA:41,0
DA:42,0
DA:44,0
DA:45,0
DA:48,0
DA:51,0
DA:53,0
DA:55,0
DA:57,0
DA:58,0
DA:64,0
DA:65,0
DA:71,0
DA:80,0
DA:85,0
DA:92,1
DA:93,0
DA:94,0
DA:101,0
DA:102,0
DA:108,0
DA:113,0
DA:123,1
DA:124,0
DA:125,0
DA:129,0
DA:132,0
DA:133,0
DA:134,0
DA:137,0
DA:140,0
DA:142,0
DA:147,0
DA:148,0
DA:158,1
DA:159,0
DA:160,0
DA:162,0
DA:163,0
DA:168,0
DA:169,0
DA:174,0
DA:175,0
DA:176,0
DA:179,0
DA:184,0
DA:189,0
DA:199,1
DA:200,0
DA:201,0
DA:203,0
DA:204,0
DA:209,0
DA:210,0
DA:216,0
DA:218,0
DA:223,0
DA:233,1
DA:234,0
DA:236,0
DA:237,0
DA:239,0
DA:240,0
DA:242,0
DA:245,0
DA:249,0
DA:250,0
DA:253,0
DA:255,0
LF:90
LH:7
BRDA:22,0,0,0
BRDA:22,0,1,0
BRDA:28,1,0,0
BRDA:28,1,1,0
BRDA:36,2,0,0
BRDA:36,2,1,0
BRDA:37,3,0,0
BRDA:37,3,1,0
BRDA:44,4,0,0
BRDA:44,4,1,0
BRDA:57,5,0,0
BRDA:57,5,1,0
BRDA:64,6,0,0
BRDA:64,6,1,0
BRDA:101,7,0,0
BRDA:101,7,1,0
BRDA:125,8,0,0
BRDA:125,8,1,0
BRDA:126,9,0,0
BRDA:126,9,1,0
BRDA:126,9,2,0
BRDA:132,10,0,0
BRDA:132,10,1,0
BRDA:162,11,0,0
BRDA:162,11,1,0
BRDA:168,12,0,0
BRDA:168,12,1,0
BRDA:168,13,0,0
BRDA:168,13,1,0
BRDA:174,14,0,0
BRDA:174,14,1,0
BRDA:203,15,0,0
BRDA:203,15,1,0
BRDA:209,16,0,0
BRDA:209,16,1,0
BRDA:209,17,0,0
BRDA:209,17,1,0
BRDA:236,18,0,0
BRDA:236,18,1,0
BRF:39
BRH:0
end_of_record
TN:
SF:controllers\reviews.js
FN:8,(anonymous_0)
FN:13,(anonymous_1)
FN:19,(anonymous_2)
FN:77,(anonymous_3)
FN:114,(anonymous_4)
FN:168,(anonymous_5)
FN:207,(anonymous_6)
FN:241,(anonymous_7)
FN:248,(anonymous_8)
FNF:9
FNH:0
FNDA:0,(anonymous_0)
FNDA:0,(anonymous_1)
FNDA:0,(anonymous_2)
FNDA:0,(anonymous_3)
FNDA:0,(anonymous_4)
FNDA:0,(anonymous_5)
FNDA:0,(anonymous_6)
FNDA:0,(anonymous_7)
FNDA:0,(anonymous_8)
DA:1,1
DA:2,1
DA:3,1
DA:8,1
DA:10,0
DA:11,0
DA:13,0
DA:15,0
DA:17,0
DA:19,0
DA:21,0
DA:23,0
DA:24,0
DA:26,0
DA:27,0
DA:28,0
DA:29,0
DA:32,0
DA:33,0
DA:43,0
DA:56,0
DA:57,0
DA:59,0
DA:65,0
DA:70,0
DA:77,1
DA:78,0
DA:79,0
DA:89,0
DA:90,0
DA:98,0
DA:103,0
DA:104,0
DA:114,1
DA:115,0
DA:116,0
DA:117,0
DA:118,0
DA:119,0
DA:120,0
DA:126,0
DA:127,0
DA:133,0
DA:134,0
DA:139,0
DA:140,0
DA:145,0
DA:146,0
DA:151,0
DA:153,0
DA:158,0
DA:168,1
DA:169,0
DA:170,0
DA:173,0
DA:174,0
DA:180,0
DA:181,0
DA:187,0
DA:191,0
DA:196,0
DA:197,0
DA:207,1
DA:208,0
DA:209,0
DA:211,0
DA:212,0
DA:218,0
DA:219,0
DA:225,0
DA:227,0
DA:232,0
DA:237,0
DA:241,1
DA:242,0
DA:243,0
DA:245,0
DA:248,0
DA:249,0
DA:250,0
DA:254,0
DA:255,0
DA:257,0
DA:263,0
DA:264,0
LF:85
LH:9
BRDA:23,0,0,0
BRDA:23,0,1,0
BRDA:27,1,0,0
BRDA:27,1,1,0
BRDA:32,2,0,0
BRDA:32,2,1,0
BRDA:89,3,0,0
BRDA:89,3,1,0
BRDA:126,4,0,0
BRDA:126,4,1,0
BRDA:126,5,0,0
BRDA:126,5,1,0
BRDA:133,6,0,0
BRDA:133,6,1,0
BRDA:139,7,0,0
BRDA:139,7,1,0
BRDA:145,8,0,0
BRDA:145,8,1,0
BRDA:173,9,0,0
BRDA:173,9,1,0
BRDA:173,10,0,0
BRDA:173,10,1,0
BRDA:180,11,0,0
BRDA:180,11,1,0
BRDA:211,12,0,0
BRDA:211,12,1,0
BRDA:211,13,0,0
BRDA:211,13,1,0
BRDA:218,14,0,0
BRDA:218,14,1,0
BRDA:242,15,0,0
BRDA:242,15,1,0
BRDA:242,16,0,0
BRDA:242,16,1,0
BRF:34
BRH:0
end_of_record
TN:
SF:middleware\auth.js
FN:5,(anonymous_0)
FN:38,(anonymous_1)
FN:39,(anonymous_2)
FNF:3
FNH:1
FNDA:0,(anonymous_0)
FNDA:19,(anonymous_1)
FNDA:0,(anonymous_2)
DA:1,1
DA:2,1
DA:5,1
DA:8,0
DA:12,0
DA:15,0
DA:16,0
DA:22,0
DA:24,0
DA:26,0
DA:28,0
DA:30,0
DA:31,0
DA:38,1
DA:39,19
DA:40,0
DA:41,0
DA:47,0
LF:18
LH:5
BRDA:8,0,0,0
BRDA:8,0,1,0
BRDA:9,1,0,0
BRDA:9,1,1,0
BRDA:15,2,0,0
BRDA:15,2,1,0
BRDA:15,3,0,0
BRDA:15,3,1,0
BRDA:40,4,0,0
BRDA:40,4,1,0
BRF:10
BRH:0
end_of_record
TN:
SF:models\Payment.js
FNF:0
FNH:0
DA:1,1
DA:3,1
DA:25,1
LF:3
LH:3
BRF:0
BRH:0
end_of_record
TN:
SF:models\Reservation.js
FN:28,(anonymous_0)
FNF:1
FNH:0
FNDA:0,(anonymous_0)
DA:1,1
DA:3,1
DA:28,1
DA:29,0
DA:30,0
DA:32,0
DA:35,1
LF:7
LH:4
BRDA:29,0,0,0
BRDA:29,0,1,0
BRF:2
BRH:0
end_of_record
TN:
SF:models\Restaurant.js
FN:90,(anonymous_0)
FNF:1
FNH:0
FNDA:0,(anonymous_0)
DA:1,1
DA:3,1
DA:81,1
DA:87,1
DA:91,0
DA:92,0
DA:93,0
DA:97,1
LF:8
LH:5
BRF:0
BRH:0
end_of_record
TN:
SF:models\Review.js
FNF:0
FNH:0
DA:1,1
DA:3,1
DA:31,1
LF:3
LH:3
BRF:0
BRH:0
end_of_record
TN:
SF:models\User.js
FN:44,(anonymous_0)
FN:50,(anonymous_1)
FN:57,(anonymous_2)
FNF:3
FNH:0
FNDA:0,(anonymous_0)
FNDA:0,(anonymous_1)
FNDA:0,(anonymous_2)
DA:1,1
DA:2,1
DA:3,1
DA:5,1
DA:44,1
DA:45,0
DA:46,0
DA:50,1
DA:51,0
DA:57,1
DA:58,0
DA:61,1
LF:12
LH:8
BRF:0
BRH:0
end_of_record
TN:
SF:routes\auth.js
FNF:0
FNH:0
DA:1,1
DA:2,1
DA:4,1
DA:6,1
DA:8,1
DA:9,1
DA:10,1
DA:11,1
DA:12,1
DA:14,1
LF:10
LH:10
BRF:0
BRH:0
end_of_record
TN:
SF:routes\payments.js
FNF:0
FNH:0
DA:1,1
DA:9,1
DA:11,1
DA:13,1
DA:14,1
DA:18,1
DA:24,1
LF:7
LH:7
BRF:0
BRH:0
end_of_record
TN:
SF:routes\reservations.js
FNF:0
FNH:0
DA:1,1
DA:11,1
DA:13,1
DA:14,1
DA:16,1
DA:17,1
DA:20,1
DA:24,1
DA:25,1
DA:30,1
DA:34,1
LF:11
LH:11
BRF:0
BRH:0
end_of_record
TN:
SF:routes\restaurants.js
FNF:0
FNH:0
DA:1,1
DA:9,1
DA:12,1
DA:13,1
DA:15,1
DA:16,1
DA:19,1
DA:20,1
DA:22,1
DA:26,1
DA:31,1
DA:33,1
LF:12
LH:12
BRF:0
BRH:0
end_of_record
TN:
SF:routes\reviews.js
FNF:0
FNH:0
DA:1,1
DA:10,1
DA:12,1
DA:13,1
DA:15,1
DA:16,1
DA:18,1
DA:19,1
DA:23,1
DA:30,1
LF:10
LH:10
BRF:0
BRH:0
end_of_record
